{"/Users/mahnach04icloud.com/Desktop/components/ComponentsReact/components/src/about.tsx": {"path":"/Users/mahnach04icloud.com/Desktop/components/ComponentsReact/components/src/about.tsx","all":false,"statementMap":{"0":{"start":{"line":1,"column":0},"end":{"line":1,"column":26}},"1":{"start":{"line":2,"column":0},"end":{"line":2,"column":18}},"2":{"start":{"line":3,"column":0},"end":{"line":3,"column":10}},"3":{"start":{"line":4,"column":0},"end":{"line":4,"column":6}},"4":{"start":{"line":5,"column":0},"end":{"line":5,"column":20}},"5":{"start":{"line":6,"column":0},"end":{"line":6,"column":12}},"6":{"start":{"line":7,"column":0},"end":{"line":7,"column":67}},"7":{"start":{"line":8,"column":0},"end":{"line":8,"column":7}},"8":{"start":{"line":9,"column":0},"end":{"line":9,"column":4}},"9":{"start":{"line":10,"column":0},"end":{"line":10,"column":1}},"10":{"start":{"line":11,"column":0},"end":{"line":11,"column":21}}},"s":{"0":1,"1":1,"2":1,"3":1,"4":1,"5":1,"6":1,"7":1,"8":1,"9":1,"10":1},"branchMap":{"0":{"type":"branch","line":2,"loc":{"start":{"line":2,"column":0},"end":{"line":10,"column":1}},"locations":[{"start":{"line":2,"column":0},"end":{"line":10,"column":1}}]}},"b":{"0":[1]},"fnMap":{"0":{"name":"About","decl":{"start":{"line":2,"column":0},"end":{"line":10,"column":1}},"loc":{"start":{"line":2,"column":0},"end":{"line":10,"column":1}},"line":2}},"f":{"0":1}}
,"/Users/mahnach04icloud.com/Desktop/components/ComponentsReact/components/src/mainPage.tsx": {"path":"/Users/mahnach04icloud.com/Desktop/components/ComponentsReact/components/src/mainPage.tsx","all":false,"statementMap":{"0":{"start":{"line":1,"column":0},"end":{"line":1,"column":26}},"1":{"start":{"line":2,"column":0},"end":{"line":2,"column":62}},"2":{"start":{"line":3,"column":0},"end":{"line":3,"column":49}},"3":{"start":{"line":4,"column":0},"end":{"line":4,"column":24}},"4":{"start":{"line":5,"column":0},"end":{"line":5,"column":75}},"5":{"start":{"line":6,"column":0},"end":{"line":6,"column":0}},"6":{"start":{"line":7,"column":0},"end":{"line":7,"column":43}},"7":{"start":{"line":8,"column":0},"end":{"line":8,"column":77}},"8":{"start":{"line":9,"column":0},"end":{"line":9,"column":12}},"9":{"start":{"line":10,"column":0},"end":{"line":10,"column":12}},"10":{"start":{"line":11,"column":0},"end":{"line":11,"column":8}},"11":{"start":{"line":12,"column":0},"end":{"line":12,"column":35}},"12":{"start":{"line":13,"column":0},"end":{"line":13,"column":20}},"13":{"start":{"line":14,"column":0},"end":{"line":14,"column":9}},"14":{"start":{"line":15,"column":0},"end":{"line":15,"column":6}},"15":{"start":{"line":16,"column":0},"end":{"line":16,"column":3}},"16":{"start":{"line":17,"column":0},"end":{"line":17,"column":1}}},"s":{"0":1,"1":1,"2":1,"3":1,"4":1,"5":1,"6":1,"7":1,"8":1,"9":1,"10":1,"11":1,"12":1,"13":1,"14":1,"15":1,"16":1},"branchMap":{"0":{"type":"branch","line":7,"loc":{"start":{"line":7,"column":7},"end":{"line":17,"column":1}},"locations":[{"start":{"line":7,"column":7},"end":{"line":17,"column":1}}]},"1":{"type":"branch","line":9,"loc":{"start":{"line":9,"column":2},"end":{"line":16,"column":3}},"locations":[{"start":{"line":9,"column":2},"end":{"line":16,"column":3}}]},"2":{"type":"branch","line":17,"loc":{"start":{"line":17,"column":0},"end":{"line":17,"column":1}},"locations":[{"start":{"line":17,"column":0},"end":{"line":17,"column":1}}]}},"b":{"0":[1],"1":[1],"2":[1]},"fnMap":{"0":{"name":"<instance_members_initializer>","decl":{"start":{"line":7,"column":7},"end":{"line":17,"column":1}},"loc":{"start":{"line":7,"column":7},"end":{"line":17,"column":1}},"line":7},"1":{"name":"render","decl":{"start":{"line":9,"column":2},"end":{"line":16,"column":3}},"loc":{"start":{"line":9,"column":2},"end":{"line":16,"column":3}},"line":9},"2":{"name":"get","decl":{"start":{"line":17,"column":0},"end":{"line":17,"column":1}},"loc":{"start":{"line":17,"column":0},"end":{"line":17,"column":1}},"line":17}},"f":{"0":1,"1":1,"2":1}}
,"/Users/mahnach04icloud.com/Desktop/components/ComponentsReact/components/src/assets/data/furnitur.ts": {"path":"/Users/mahnach04icloud.com/Desktop/components/ComponentsReact/components/src/assets/data/furnitur.ts","all":false,"statementMap":{"0":{"start":{"line":1,"column":0},"end":{"line":1,"column":27}},"1":{"start":{"line":2,"column":0},"end":{"line":2,"column":13}},"2":{"start":{"line":3,"column":0},"end":{"line":3,"column":16}},"3":{"start":{"line":4,"column":0},"end":{"line":4,"column":22}},"4":{"start":{"line":5,"column":0},"end":{"line":5,"column":16}},"5":{"start":{"line":6,"column":0},"end":{"line":6,"column":29}},"6":{"start":{"line":7,"column":0},"end":{"line":7,"column":17}},"7":{"start":{"line":8,"column":0},"end":{"line":8,"column":16}},"8":{"start":{"line":9,"column":0},"end":{"line":9,"column":16}},"9":{"start":{"line":10,"column":0},"end":{"line":10,"column":19}},"10":{"start":{"line":11,"column":0},"end":{"line":11,"column":16}},"11":{"start":{"line":12,"column":0},"end":{"line":12,"column":16}},"12":{"start":{"line":13,"column":0},"end":{"line":13,"column":1}},"13":{"start":{"line":14,"column":0},"end":{"line":14,"column":0}},"14":{"start":{"line":15,"column":0},"end":{"line":15,"column":28}},"15":{"start":{"line":16,"column":0},"end":{"line":16,"column":9}},"16":{"start":{"line":17,"column":0},"end":{"line":17,"column":3}},"17":{"start":{"line":18,"column":0},"end":{"line":18,"column":5}},"18":{"start":{"line":19,"column":0},"end":{"line":19,"column":12}},"19":{"start":{"line":20,"column":0},"end":{"line":20,"column":26}},"20":{"start":{"line":21,"column":0},"end":{"line":21,"column":220}},"21":{"start":{"line":22,"column":0},"end":{"line":22,"column":20}},"22":{"start":{"line":23,"column":0},"end":{"line":23,"column":31}},"23":{"start":{"line":24,"column":0},"end":{"line":24,"column":18}},"24":{"start":{"line":25,"column":0},"end":{"line":25,"column":15}},"25":{"start":{"line":26,"column":0},"end":{"line":26,"column":20}},"26":{"start":{"line":27,"column":0},"end":{"line":27,"column":23}},"27":{"start":{"line":28,"column":0},"end":{"line":28,"column":12}},"28":{"start":{"line":29,"column":0},"end":{"line":29,"column":134}},"29":{"start":{"line":30,"column":0},"end":{"line":30,"column":134}},"30":{"start":{"line":31,"column":0},"end":{"line":31,"column":8}},"31":{"start":{"line":32,"column":0},"end":{"line":32,"column":15}},"32":{"start":{"line":33,"column":0},"end":{"line":33,"column":6}},"33":{"start":{"line":34,"column":0},"end":{"line":34,"column":5}},"34":{"start":{"line":35,"column":0},"end":{"line":35,"column":12}},"35":{"start":{"line":36,"column":0},"end":{"line":36,"column":35}},"36":{"start":{"line":37,"column":0},"end":{"line":37,"column":18}},"37":{"start":{"line":38,"column":0},"end":{"line":38,"column":326}},"38":{"start":{"line":39,"column":0},"end":{"line":39,"column":20}},"39":{"start":{"line":40,"column":0},"end":{"line":40,"column":32}},"40":{"start":{"line":41,"column":0},"end":{"line":41,"column":16}},"41":{"start":{"line":42,"column":0},"end":{"line":42,"column":16}},"42":{"start":{"line":43,"column":0},"end":{"line":43,"column":22}},"43":{"start":{"line":44,"column":0},"end":{"line":44,"column":23}},"44":{"start":{"line":45,"column":0},"end":{"line":45,"column":12}},"45":{"start":{"line":46,"column":0},"end":{"line":46,"column":120}},"46":{"start":{"line":47,"column":0},"end":{"line":47,"column":120}},"47":{"start":{"line":48,"column":0},"end":{"line":48,"column":8}},"48":{"start":{"line":49,"column":0},"end":{"line":49,"column":15}},"49":{"start":{"line":50,"column":0},"end":{"line":50,"column":6}},"50":{"start":{"line":51,"column":0},"end":{"line":51,"column":5}},"51":{"start":{"line":52,"column":0},"end":{"line":52,"column":12}},"52":{"start":{"line":53,"column":0},"end":{"line":53,"column":36}},"53":{"start":{"line":54,"column":0},"end":{"line":54,"column":18}},"54":{"start":{"line":55,"column":0},"end":{"line":55,"column":283}},"55":{"start":{"line":56,"column":0},"end":{"line":56,"column":21}},"56":{"start":{"line":57,"column":0},"end":{"line":57,"column":31}},"57":{"start":{"line":58,"column":0},"end":{"line":58,"column":16}},"58":{"start":{"line":59,"column":0},"end":{"line":59,"column":15}},"59":{"start":{"line":60,"column":0},"end":{"line":60,"column":22}},"60":{"start":{"line":61,"column":0},"end":{"line":61,"column":23}},"61":{"start":{"line":62,"column":0},"end":{"line":62,"column":12}},"62":{"start":{"line":63,"column":0},"end":{"line":63,"column":107}},"63":{"start":{"line":64,"column":0},"end":{"line":64,"column":104}},"64":{"start":{"line":65,"column":0},"end":{"line":65,"column":107}},"65":{"start":{"line":66,"column":0},"end":{"line":66,"column":8}},"66":{"start":{"line":67,"column":0},"end":{"line":67,"column":15}},"67":{"start":{"line":68,"column":0},"end":{"line":68,"column":6}},"68":{"start":{"line":69,"column":0},"end":{"line":69,"column":5}},"69":{"start":{"line":70,"column":0},"end":{"line":70,"column":12}},"70":{"start":{"line":71,"column":0},"end":{"line":71,"column":32}},"71":{"start":{"line":72,"column":0},"end":{"line":72,"column":18}},"72":{"start":{"line":73,"column":0},"end":{"line":73,"column":279}},"73":{"start":{"line":74,"column":0},"end":{"line":74,"column":20}},"74":{"start":{"line":75,"column":0},"end":{"line":75,"column":31}},"75":{"start":{"line":76,"column":0},"end":{"line":76,"column":16}},"76":{"start":{"line":77,"column":0},"end":{"line":77,"column":15}},"77":{"start":{"line":78,"column":0},"end":{"line":78,"column":21}},"78":{"start":{"line":79,"column":0},"end":{"line":79,"column":23}},"79":{"start":{"line":80,"column":0},"end":{"line":80,"column":12}},"80":{"start":{"line":81,"column":0},"end":{"line":81,"column":118}},"81":{"start":{"line":82,"column":0},"end":{"line":82,"column":119}},"82":{"start":{"line":83,"column":0},"end":{"line":83,"column":8}},"83":{"start":{"line":84,"column":0},"end":{"line":84,"column":15}},"84":{"start":{"line":85,"column":0},"end":{"line":85,"column":6}},"85":{"start":{"line":86,"column":0},"end":{"line":86,"column":5}},"86":{"start":{"line":87,"column":0},"end":{"line":87,"column":12}},"87":{"start":{"line":88,"column":0},"end":{"line":88,"column":34}},"88":{"start":{"line":89,"column":0},"end":{"line":89,"column":18}},"89":{"start":{"line":90,"column":0},"end":{"line":90,"column":242}},"90":{"start":{"line":91,"column":0},"end":{"line":91,"column":20}},"91":{"start":{"line":92,"column":0},"end":{"line":92,"column":32}},"92":{"start":{"line":93,"column":0},"end":{"line":93,"column":18}},"93":{"start":{"line":94,"column":0},"end":{"line":94,"column":15}},"94":{"start":{"line":95,"column":0},"end":{"line":95,"column":20}},"95":{"start":{"line":96,"column":0},"end":{"line":96,"column":23}},"96":{"start":{"line":97,"column":0},"end":{"line":97,"column":12}},"97":{"start":{"line":98,"column":0},"end":{"line":98,"column":127}},"98":{"start":{"line":99,"column":0},"end":{"line":99,"column":128}},"99":{"start":{"line":100,"column":0},"end":{"line":100,"column":8}},"100":{"start":{"line":101,"column":0},"end":{"line":101,"column":15}},"101":{"start":{"line":102,"column":0},"end":{"line":102,"column":6}},"102":{"start":{"line":103,"column":0},"end":{"line":103,"column":5}},"103":{"start":{"line":104,"column":0},"end":{"line":104,"column":12}},"104":{"start":{"line":105,"column":0},"end":{"line":105,"column":47}},"105":{"start":{"line":106,"column":0},"end":{"line":106,"column":18}},"106":{"start":{"line":107,"column":0},"end":{"line":107,"column":245}},"107":{"start":{"line":108,"column":0},"end":{"line":108,"column":20}},"108":{"start":{"line":109,"column":0},"end":{"line":109,"column":32}},"109":{"start":{"line":110,"column":0},"end":{"line":110,"column":16}},"110":{"start":{"line":111,"column":0},"end":{"line":111,"column":15}},"111":{"start":{"line":112,"column":0},"end":{"line":112,"column":28}},"112":{"start":{"line":113,"column":0},"end":{"line":113,"column":23}},"113":{"start":{"line":114,"column":0},"end":{"line":114,"column":12}},"114":{"start":{"line":115,"column":0},"end":{"line":115,"column":126}},"115":{"start":{"line":116,"column":0},"end":{"line":116,"column":119}},"116":{"start":{"line":117,"column":0},"end":{"line":117,"column":119}},"117":{"start":{"line":118,"column":0},"end":{"line":118,"column":8}},"118":{"start":{"line":119,"column":0},"end":{"line":119,"column":15}},"119":{"start":{"line":120,"column":0},"end":{"line":120,"column":6}},"120":{"start":{"line":121,"column":0},"end":{"line":121,"column":4}},"121":{"start":{"line":122,"column":0},"end":{"line":122,"column":13}},"122":{"start":{"line":123,"column":0},"end":{"line":123,"column":3}},"123":{"start":{"line":124,"column":0},"end":{"line":124,"column":5}},"124":{"start":{"line":125,"column":0},"end":{"line":125,"column":12}},"125":{"start":{"line":126,"column":0},"end":{"line":126,"column":28}},"126":{"start":{"line":127,"column":0},"end":{"line":127,"column":18}},"127":{"start":{"line":128,"column":0},"end":{"line":128,"column":216}},"128":{"start":{"line":129,"column":0},"end":{"line":129,"column":20}},"129":{"start":{"line":130,"column":0},"end":{"line":130,"column":31}},"130":{"start":{"line":131,"column":0},"end":{"line":131,"column":16}},"131":{"start":{"line":132,"column":0},"end":{"line":132,"column":16}},"132":{"start":{"line":133,"column":0},"end":{"line":133,"column":20}},"133":{"start":{"line":134,"column":0},"end":{"line":134,"column":27}},"134":{"start":{"line":135,"column":0},"end":{"line":135,"column":12}},"135":{"start":{"line":136,"column":0},"end":{"line":136,"column":114}},"136":{"start":{"line":137,"column":0},"end":{"line":137,"column":114}},"137":{"start":{"line":138,"column":0},"end":{"line":138,"column":114}},"138":{"start":{"line":139,"column":0},"end":{"line":139,"column":8}},"139":{"start":{"line":140,"column":0},"end":{"line":140,"column":15}},"140":{"start":{"line":141,"column":0},"end":{"line":141,"column":6}},"141":{"start":{"line":142,"column":0},"end":{"line":142,"column":5}},"142":{"start":{"line":143,"column":0},"end":{"line":143,"column":12}},"143":{"start":{"line":144,"column":0},"end":{"line":144,"column":41}},"144":{"start":{"line":145,"column":0},"end":{"line":145,"column":18}},"145":{"start":{"line":146,"column":0},"end":{"line":146,"column":248}},"146":{"start":{"line":147,"column":0},"end":{"line":147,"column":20}},"147":{"start":{"line":148,"column":0},"end":{"line":148,"column":32}},"148":{"start":{"line":149,"column":0},"end":{"line":149,"column":18}},"149":{"start":{"line":150,"column":0},"end":{"line":150,"column":16}},"150":{"start":{"line":151,"column":0},"end":{"line":151,"column":33}},"151":{"start":{"line":152,"column":0},"end":{"line":152,"column":27}},"152":{"start":{"line":153,"column":0},"end":{"line":153,"column":12}},"153":{"start":{"line":154,"column":0},"end":{"line":154,"column":162}},"154":{"start":{"line":155,"column":0},"end":{"line":155,"column":160}},"155":{"start":{"line":156,"column":0},"end":{"line":156,"column":160}},"156":{"start":{"line":157,"column":0},"end":{"line":157,"column":8}},"157":{"start":{"line":158,"column":0},"end":{"line":158,"column":15}},"158":{"start":{"line":159,"column":0},"end":{"line":159,"column":6}},"159":{"start":{"line":160,"column":0},"end":{"line":160,"column":5}},"160":{"start":{"line":161,"column":0},"end":{"line":161,"column":12}},"161":{"start":{"line":162,"column":0},"end":{"line":162,"column":45}},"162":{"start":{"line":163,"column":0},"end":{"line":163,"column":18}},"163":{"start":{"line":164,"column":0},"end":{"line":164,"column":320}},"164":{"start":{"line":165,"column":0},"end":{"line":165,"column":20}},"165":{"start":{"line":166,"column":0},"end":{"line":166,"column":32}},"166":{"start":{"line":167,"column":0},"end":{"line":167,"column":18}},"167":{"start":{"line":168,"column":0},"end":{"line":168,"column":16}},"168":{"start":{"line":169,"column":0},"end":{"line":169,"column":33}},"169":{"start":{"line":170,"column":0},"end":{"line":170,"column":27}},"170":{"start":{"line":171,"column":0},"end":{"line":171,"column":12}},"171":{"start":{"line":172,"column":0},"end":{"line":172,"column":168}},"172":{"start":{"line":173,"column":0},"end":{"line":173,"column":171}},"173":{"start":{"line":174,"column":0},"end":{"line":174,"column":8}},"174":{"start":{"line":175,"column":0},"end":{"line":175,"column":15}},"175":{"start":{"line":176,"column":0},"end":{"line":176,"column":6}},"176":{"start":{"line":177,"column":0},"end":{"line":177,"column":5}},"177":{"start":{"line":178,"column":0},"end":{"line":178,"column":12}},"178":{"start":{"line":179,"column":0},"end":{"line":179,"column":44}},"179":{"start":{"line":180,"column":0},"end":{"line":180,"column":18}},"180":{"start":{"line":181,"column":0},"end":{"line":181,"column":339}},"181":{"start":{"line":182,"column":0},"end":{"line":182,"column":20}},"182":{"start":{"line":183,"column":0},"end":{"line":183,"column":32}},"183":{"start":{"line":184,"column":0},"end":{"line":184,"column":18}},"184":{"start":{"line":185,"column":0},"end":{"line":185,"column":16}},"185":{"start":{"line":186,"column":0},"end":{"line":186,"column":33}},"186":{"start":{"line":187,"column":0},"end":{"line":187,"column":27}},"187":{"start":{"line":188,"column":0},"end":{"line":188,"column":12}},"188":{"start":{"line":189,"column":0},"end":{"line":189,"column":186}},"189":{"start":{"line":190,"column":0},"end":{"line":190,"column":186}},"190":{"start":{"line":191,"column":0},"end":{"line":191,"column":8}},"191":{"start":{"line":192,"column":0},"end":{"line":192,"column":15}},"192":{"start":{"line":193,"column":0},"end":{"line":193,"column":6}},"193":{"start":{"line":194,"column":0},"end":{"line":194,"column":5}},"194":{"start":{"line":195,"column":0},"end":{"line":195,"column":12}},"195":{"start":{"line":196,"column":0},"end":{"line":196,"column":41}},"196":{"start":{"line":197,"column":0},"end":{"line":197,"column":18}},"197":{"start":{"line":198,"column":0},"end":{"line":198,"column":257}},"198":{"start":{"line":199,"column":0},"end":{"line":199,"column":20}},"199":{"start":{"line":200,"column":0},"end":{"line":200,"column":32}},"200":{"start":{"line":201,"column":0},"end":{"line":201,"column":18}},"201":{"start":{"line":202,"column":0},"end":{"line":202,"column":15}},"202":{"start":{"line":203,"column":0},"end":{"line":203,"column":33}},"203":{"start":{"line":204,"column":0},"end":{"line":204,"column":27}},"204":{"start":{"line":205,"column":0},"end":{"line":205,"column":12}},"205":{"start":{"line":206,"column":0},"end":{"line":206,"column":173}},"206":{"start":{"line":207,"column":0},"end":{"line":207,"column":173}},"207":{"start":{"line":208,"column":0},"end":{"line":208,"column":8}},"208":{"start":{"line":209,"column":0},"end":{"line":209,"column":15}},"209":{"start":{"line":210,"column":0},"end":{"line":210,"column":6}},"210":{"start":{"line":211,"column":0},"end":{"line":211,"column":5}},"211":{"start":{"line":212,"column":0},"end":{"line":212,"column":12}},"212":{"start":{"line":213,"column":0},"end":{"line":213,"column":39}},"213":{"start":{"line":214,"column":0},"end":{"line":214,"column":18}},"214":{"start":{"line":215,"column":0},"end":{"line":215,"column":265}},"215":{"start":{"line":216,"column":0},"end":{"line":216,"column":20}},"216":{"start":{"line":217,"column":0},"end":{"line":217,"column":31}},"217":{"start":{"line":218,"column":0},"end":{"line":218,"column":18}},"218":{"start":{"line":219,"column":0},"end":{"line":219,"column":16}},"219":{"start":{"line":220,"column":0},"end":{"line":220,"column":26}},"220":{"start":{"line":221,"column":0},"end":{"line":221,"column":27}},"221":{"start":{"line":222,"column":0},"end":{"line":222,"column":12}},"222":{"start":{"line":223,"column":0},"end":{"line":223,"column":147}},"223":{"start":{"line":224,"column":0},"end":{"line":224,"column":146}},"224":{"start":{"line":225,"column":0},"end":{"line":225,"column":8}},"225":{"start":{"line":226,"column":0},"end":{"line":226,"column":15}},"226":{"start":{"line":227,"column":0},"end":{"line":227,"column":6}},"227":{"start":{"line":228,"column":0},"end":{"line":228,"column":4}},"228":{"start":{"line":229,"column":0},"end":{"line":229,"column":11}},"229":{"start":{"line":230,"column":0},"end":{"line":230,"column":3}},"230":{"start":{"line":231,"column":0},"end":{"line":231,"column":5}},"231":{"start":{"line":232,"column":0},"end":{"line":232,"column":12}},"232":{"start":{"line":233,"column":0},"end":{"line":233,"column":34}},"233":{"start":{"line":234,"column":0},"end":{"line":234,"column":18}},"234":{"start":{"line":235,"column":0},"end":{"line":235,"column":367}},"235":{"start":{"line":236,"column":0},"end":{"line":236,"column":20}},"236":{"start":{"line":237,"column":0},"end":{"line":237,"column":32}},"237":{"start":{"line":238,"column":0},"end":{"line":238,"column":18}},"238":{"start":{"line":239,"column":0},"end":{"line":239,"column":15}},"239":{"start":{"line":240,"column":0},"end":{"line":240,"column":24}},"240":{"start":{"line":241,"column":0},"end":{"line":241,"column":25}},"241":{"start":{"line":242,"column":0},"end":{"line":242,"column":12}},"242":{"start":{"line":243,"column":0},"end":{"line":243,"column":110}},"243":{"start":{"line":244,"column":0},"end":{"line":244,"column":110}},"244":{"start":{"line":245,"column":0},"end":{"line":245,"column":8}},"245":{"start":{"line":246,"column":0},"end":{"line":246,"column":15}},"246":{"start":{"line":247,"column":0},"end":{"line":247,"column":6}},"247":{"start":{"line":248,"column":0},"end":{"line":248,"column":5}},"248":{"start":{"line":249,"column":0},"end":{"line":249,"column":12}},"249":{"start":{"line":250,"column":0},"end":{"line":250,"column":30}},"250":{"start":{"line":251,"column":0},"end":{"line":251,"column":18}},"251":{"start":{"line":252,"column":0},"end":{"line":252,"column":211}},"252":{"start":{"line":253,"column":0},"end":{"line":253,"column":19}},"253":{"start":{"line":254,"column":0},"end":{"line":254,"column":32}},"254":{"start":{"line":255,"column":0},"end":{"line":255,"column":16}},"255":{"start":{"line":256,"column":0},"end":{"line":256,"column":16}},"256":{"start":{"line":257,"column":0},"end":{"line":257,"column":20}},"257":{"start":{"line":258,"column":0},"end":{"line":258,"column":25}},"258":{"start":{"line":259,"column":0},"end":{"line":259,"column":12}},"259":{"start":{"line":260,"column":0},"end":{"line":260,"column":103}},"260":{"start":{"line":261,"column":0},"end":{"line":261,"column":103}},"261":{"start":{"line":262,"column":0},"end":{"line":262,"column":103}},"262":{"start":{"line":263,"column":0},"end":{"line":263,"column":8}},"263":{"start":{"line":264,"column":0},"end":{"line":264,"column":15}},"264":{"start":{"line":265,"column":0},"end":{"line":265,"column":6}},"265":{"start":{"line":266,"column":0},"end":{"line":266,"column":5}},"266":{"start":{"line":267,"column":0},"end":{"line":267,"column":12}},"267":{"start":{"line":268,"column":0},"end":{"line":268,"column":39}},"268":{"start":{"line":269,"column":0},"end":{"line":269,"column":18}},"269":{"start":{"line":270,"column":0},"end":{"line":270,"column":329}},"270":{"start":{"line":271,"column":0},"end":{"line":271,"column":20}},"271":{"start":{"line":272,"column":0},"end":{"line":272,"column":32}},"272":{"start":{"line":273,"column":0},"end":{"line":273,"column":18}},"273":{"start":{"line":274,"column":0},"end":{"line":274,"column":16}},"274":{"start":{"line":275,"column":0},"end":{"line":275,"column":24}},"275":{"start":{"line":276,"column":0},"end":{"line":276,"column":25}},"276":{"start":{"line":277,"column":0},"end":{"line":277,"column":12}},"277":{"start":{"line":278,"column":0},"end":{"line":278,"column":176}},"278":{"start":{"line":279,"column":0},"end":{"line":279,"column":177}},"279":{"start":{"line":280,"column":0},"end":{"line":280,"column":8}},"280":{"start":{"line":281,"column":0},"end":{"line":281,"column":15}},"281":{"start":{"line":282,"column":0},"end":{"line":282,"column":6}},"282":{"start":{"line":283,"column":0},"end":{"line":283,"column":5}},"283":{"start":{"line":284,"column":0},"end":{"line":284,"column":12}},"284":{"start":{"line":285,"column":0},"end":{"line":285,"column":36}},"285":{"start":{"line":286,"column":0},"end":{"line":286,"column":18}},"286":{"start":{"line":287,"column":0},"end":{"line":287,"column":339}},"287":{"start":{"line":288,"column":0},"end":{"line":288,"column":20}},"288":{"start":{"line":289,"column":0},"end":{"line":289,"column":32}},"289":{"start":{"line":290,"column":0},"end":{"line":290,"column":18}},"290":{"start":{"line":291,"column":0},"end":{"line":291,"column":15}},"291":{"start":{"line":292,"column":0},"end":{"line":292,"column":29}},"292":{"start":{"line":293,"column":0},"end":{"line":293,"column":25}},"293":{"start":{"line":294,"column":0},"end":{"line":294,"column":12}},"294":{"start":{"line":295,"column":0},"end":{"line":295,"column":138}},"295":{"start":{"line":296,"column":0},"end":{"line":296,"column":138}},"296":{"start":{"line":297,"column":0},"end":{"line":297,"column":139}},"297":{"start":{"line":298,"column":0},"end":{"line":298,"column":8}},"298":{"start":{"line":299,"column":0},"end":{"line":299,"column":15}},"299":{"start":{"line":300,"column":0},"end":{"line":300,"column":6}},"300":{"start":{"line":301,"column":0},"end":{"line":301,"column":5}},"301":{"start":{"line":302,"column":0},"end":{"line":302,"column":12}},"302":{"start":{"line":303,"column":0},"end":{"line":303,"column":43}},"303":{"start":{"line":304,"column":0},"end":{"line":304,"column":18}},"304":{"start":{"line":305,"column":0},"end":{"line":305,"column":285}},"305":{"start":{"line":306,"column":0},"end":{"line":306,"column":20}},"306":{"start":{"line":307,"column":0},"end":{"line":307,"column":32}},"307":{"start":{"line":308,"column":0},"end":{"line":308,"column":18}},"308":{"start":{"line":309,"column":0},"end":{"line":309,"column":16}},"309":{"start":{"line":310,"column":0},"end":{"line":310,"column":26}},"310":{"start":{"line":311,"column":0},"end":{"line":311,"column":25}},"311":{"start":{"line":312,"column":0},"end":{"line":312,"column":12}},"312":{"start":{"line":313,"column":0},"end":{"line":313,"column":137}},"313":{"start":{"line":314,"column":0},"end":{"line":314,"column":136}},"314":{"start":{"line":315,"column":0},"end":{"line":315,"column":8}},"315":{"start":{"line":316,"column":0},"end":{"line":316,"column":15}},"316":{"start":{"line":317,"column":0},"end":{"line":317,"column":6}},"317":{"start":{"line":318,"column":0},"end":{"line":318,"column":5}},"318":{"start":{"line":319,"column":0},"end":{"line":319,"column":12}},"319":{"start":{"line":320,"column":0},"end":{"line":320,"column":40}},"320":{"start":{"line":321,"column":0},"end":{"line":321,"column":18}},"321":{"start":{"line":322,"column":0},"end":{"line":322,"column":272}},"322":{"start":{"line":323,"column":0},"end":{"line":323,"column":20}},"323":{"start":{"line":324,"column":0},"end":{"line":324,"column":32}},"324":{"start":{"line":325,"column":0},"end":{"line":325,"column":18}},"325":{"start":{"line":326,"column":0},"end":{"line":326,"column":15}},"326":{"start":{"line":327,"column":0},"end":{"line":327,"column":25}},"327":{"start":{"line":328,"column":0},"end":{"line":328,"column":25}},"328":{"start":{"line":329,"column":0},"end":{"line":329,"column":12}},"329":{"start":{"line":330,"column":0},"end":{"line":330,"column":128}},"330":{"start":{"line":331,"column":0},"end":{"line":331,"column":128}},"331":{"start":{"line":332,"column":0},"end":{"line":332,"column":128}},"332":{"start":{"line":333,"column":0},"end":{"line":333,"column":8}},"333":{"start":{"line":334,"column":0},"end":{"line":334,"column":15}},"334":{"start":{"line":335,"column":0},"end":{"line":335,"column":6}},"335":{"start":{"line":336,"column":0},"end":{"line":336,"column":4}},"336":{"start":{"line":337,"column":0},"end":{"line":337,"column":13}},"337":{"start":{"line":338,"column":0},"end":{"line":338,"column":3}},"338":{"start":{"line":339,"column":0},"end":{"line":339,"column":5}},"339":{"start":{"line":340,"column":0},"end":{"line":340,"column":12}},"340":{"start":{"line":341,"column":0},"end":{"line":341,"column":28}},"341":{"start":{"line":342,"column":0},"end":{"line":342,"column":18}},"342":{"start":{"line":343,"column":0},"end":{"line":343,"column":176}},"343":{"start":{"line":344,"column":0},"end":{"line":344,"column":20}},"344":{"start":{"line":345,"column":0},"end":{"line":345,"column":31}},"345":{"start":{"line":346,"column":0},"end":{"line":346,"column":16}},"346":{"start":{"line":347,"column":0},"end":{"line":347,"column":16}},"347":{"start":{"line":348,"column":0},"end":{"line":348,"column":33}},"348":{"start":{"line":349,"column":0},"end":{"line":349,"column":27}},"349":{"start":{"line":350,"column":0},"end":{"line":350,"column":12}},"350":{"start":{"line":351,"column":0},"end":{"line":351,"column":128}},"351":{"start":{"line":352,"column":0},"end":{"line":352,"column":128}},"352":{"start":{"line":353,"column":0},"end":{"line":353,"column":8}},"353":{"start":{"line":354,"column":0},"end":{"line":354,"column":15}},"354":{"start":{"line":355,"column":0},"end":{"line":355,"column":6}},"355":{"start":{"line":356,"column":0},"end":{"line":356,"column":5}},"356":{"start":{"line":357,"column":0},"end":{"line":357,"column":12}},"357":{"start":{"line":358,"column":0},"end":{"line":358,"column":29}},"358":{"start":{"line":359,"column":0},"end":{"line":359,"column":18}},"359":{"start":{"line":360,"column":0},"end":{"line":360,"column":138}},"360":{"start":{"line":361,"column":0},"end":{"line":361,"column":20}},"361":{"start":{"line":362,"column":0},"end":{"line":362,"column":32}},"362":{"start":{"line":363,"column":0},"end":{"line":363,"column":18}},"363":{"start":{"line":364,"column":0},"end":{"line":364,"column":15}},"364":{"start":{"line":365,"column":0},"end":{"line":365,"column":29}},"365":{"start":{"line":366,"column":0},"end":{"line":366,"column":27}},"366":{"start":{"line":367,"column":0},"end":{"line":367,"column":12}},"367":{"start":{"line":368,"column":0},"end":{"line":368,"column":147}},"368":{"start":{"line":369,"column":0},"end":{"line":369,"column":147}},"369":{"start":{"line":370,"column":0},"end":{"line":370,"column":147}},"370":{"start":{"line":371,"column":0},"end":{"line":371,"column":8}},"371":{"start":{"line":372,"column":0},"end":{"line":372,"column":15}},"372":{"start":{"line":373,"column":0},"end":{"line":373,"column":6}},"373":{"start":{"line":374,"column":0},"end":{"line":374,"column":5}},"374":{"start":{"line":375,"column":0},"end":{"line":375,"column":12}},"375":{"start":{"line":376,"column":0},"end":{"line":376,"column":35}},"376":{"start":{"line":377,"column":0},"end":{"line":377,"column":18}},"377":{"start":{"line":378,"column":0},"end":{"line":378,"column":143}},"378":{"start":{"line":379,"column":0},"end":{"line":379,"column":21}},"379":{"start":{"line":380,"column":0},"end":{"line":380,"column":32}},"380":{"start":{"line":381,"column":0},"end":{"line":381,"column":18}},"381":{"start":{"line":382,"column":0},"end":{"line":382,"column":16}},"382":{"start":{"line":383,"column":0},"end":{"line":383,"column":26}},"383":{"start":{"line":384,"column":0},"end":{"line":384,"column":27}},"384":{"start":{"line":385,"column":0},"end":{"line":385,"column":12}},"385":{"start":{"line":386,"column":0},"end":{"line":386,"column":136}},"386":{"start":{"line":387,"column":0},"end":{"line":387,"column":136}},"387":{"start":{"line":388,"column":0},"end":{"line":388,"column":136}},"388":{"start":{"line":389,"column":0},"end":{"line":389,"column":8}},"389":{"start":{"line":390,"column":0},"end":{"line":390,"column":15}},"390":{"start":{"line":391,"column":0},"end":{"line":391,"column":6}},"391":{"start":{"line":392,"column":0},"end":{"line":392,"column":5}},"392":{"start":{"line":393,"column":0},"end":{"line":393,"column":12}},"393":{"start":{"line":394,"column":0},"end":{"line":394,"column":39}},"394":{"start":{"line":395,"column":0},"end":{"line":395,"column":18}},"395":{"start":{"line":396,"column":0},"end":{"line":396,"column":211}},"396":{"start":{"line":397,"column":0},"end":{"line":397,"column":20}},"397":{"start":{"line":398,"column":0},"end":{"line":398,"column":32}},"398":{"start":{"line":399,"column":0},"end":{"line":399,"column":18}},"399":{"start":{"line":400,"column":0},"end":{"line":400,"column":16}},"400":{"start":{"line":401,"column":0},"end":{"line":401,"column":26}},"401":{"start":{"line":402,"column":0},"end":{"line":402,"column":27}},"402":{"start":{"line":403,"column":0},"end":{"line":403,"column":12}},"403":{"start":{"line":404,"column":0},"end":{"line":404,"column":138}},"404":{"start":{"line":405,"column":0},"end":{"line":405,"column":138}},"405":{"start":{"line":406,"column":0},"end":{"line":406,"column":138}},"406":{"start":{"line":407,"column":0},"end":{"line":407,"column":8}},"407":{"start":{"line":408,"column":0},"end":{"line":408,"column":15}},"408":{"start":{"line":409,"column":0},"end":{"line":409,"column":6}},"409":{"start":{"line":410,"column":0},"end":{"line":410,"column":5}},"410":{"start":{"line":411,"column":0},"end":{"line":411,"column":12}},"411":{"start":{"line":412,"column":0},"end":{"line":412,"column":39}},"412":{"start":{"line":413,"column":0},"end":{"line":413,"column":18}},"413":{"start":{"line":414,"column":0},"end":{"line":414,"column":132}},"414":{"start":{"line":415,"column":0},"end":{"line":415,"column":20}},"415":{"start":{"line":416,"column":0},"end":{"line":416,"column":32}},"416":{"start":{"line":417,"column":0},"end":{"line":417,"column":18}},"417":{"start":{"line":418,"column":0},"end":{"line":418,"column":16}},"418":{"start":{"line":419,"column":0},"end":{"line":419,"column":30}},"419":{"start":{"line":420,"column":0},"end":{"line":420,"column":27}},"420":{"start":{"line":421,"column":0},"end":{"line":421,"column":12}},"421":{"start":{"line":422,"column":0},"end":{"line":422,"column":145}},"422":{"start":{"line":423,"column":0},"end":{"line":423,"column":145}},"423":{"start":{"line":424,"column":0},"end":{"line":424,"column":145}},"424":{"start":{"line":425,"column":0},"end":{"line":425,"column":8}},"425":{"start":{"line":426,"column":0},"end":{"line":426,"column":15}},"426":{"start":{"line":427,"column":0},"end":{"line":427,"column":6}},"427":{"start":{"line":428,"column":0},"end":{"line":428,"column":5}},"428":{"start":{"line":429,"column":0},"end":{"line":429,"column":12}},"429":{"start":{"line":430,"column":0},"end":{"line":430,"column":43}},"430":{"start":{"line":431,"column":0},"end":{"line":431,"column":18}},"431":{"start":{"line":432,"column":0},"end":{"line":432,"column":167}},"432":{"start":{"line":433,"column":0},"end":{"line":433,"column":20}},"433":{"start":{"line":434,"column":0},"end":{"line":434,"column":32}},"434":{"start":{"line":435,"column":0},"end":{"line":435,"column":18}},"435":{"start":{"line":436,"column":0},"end":{"line":436,"column":15}},"436":{"start":{"line":437,"column":0},"end":{"line":437,"column":30}},"437":{"start":{"line":438,"column":0},"end":{"line":438,"column":27}},"438":{"start":{"line":439,"column":0},"end":{"line":439,"column":12}},"439":{"start":{"line":440,"column":0},"end":{"line":440,"column":131}},"440":{"start":{"line":441,"column":0},"end":{"line":441,"column":132}},"441":{"start":{"line":442,"column":0},"end":{"line":442,"column":8}},"442":{"start":{"line":443,"column":0},"end":{"line":443,"column":15}},"443":{"start":{"line":444,"column":0},"end":{"line":444,"column":6}},"444":{"start":{"line":445,"column":0},"end":{"line":445,"column":4}},"445":{"start":{"line":446,"column":0},"end":{"line":446,"column":19}},"446":{"start":{"line":447,"column":0},"end":{"line":447,"column":3}},"447":{"start":{"line":448,"column":0},"end":{"line":448,"column":5}},"448":{"start":{"line":449,"column":0},"end":{"line":449,"column":12}},"449":{"start":{"line":450,"column":0},"end":{"line":450,"column":41}},"450":{"start":{"line":451,"column":0},"end":{"line":451,"column":18}},"451":{"start":{"line":452,"column":0},"end":{"line":452,"column":151}},"452":{"start":{"line":453,"column":0},"end":{"line":453,"column":19}},"453":{"start":{"line":454,"column":0},"end":{"line":454,"column":31}},"454":{"start":{"line":455,"column":0},"end":{"line":455,"column":16}},"455":{"start":{"line":456,"column":0},"end":{"line":456,"column":16}},"456":{"start":{"line":457,"column":0},"end":{"line":457,"column":20}},"457":{"start":{"line":458,"column":0},"end":{"line":458,"column":33}},"458":{"start":{"line":459,"column":0},"end":{"line":459,"column":12}},"459":{"start":{"line":460,"column":0},"end":{"line":460,"column":120}},"460":{"start":{"line":461,"column":0},"end":{"line":461,"column":120}},"461":{"start":{"line":462,"column":0},"end":{"line":462,"column":120}},"462":{"start":{"line":463,"column":0},"end":{"line":463,"column":8}},"463":{"start":{"line":464,"column":0},"end":{"line":464,"column":15}},"464":{"start":{"line":465,"column":0},"end":{"line":465,"column":6}},"465":{"start":{"line":466,"column":0},"end":{"line":466,"column":5}},"466":{"start":{"line":467,"column":0},"end":{"line":467,"column":12}},"467":{"start":{"line":468,"column":0},"end":{"line":468,"column":30}},"468":{"start":{"line":469,"column":0},"end":{"line":469,"column":18}},"469":{"start":{"line":470,"column":0},"end":{"line":470,"column":280}},"470":{"start":{"line":471,"column":0},"end":{"line":471,"column":20}},"471":{"start":{"line":472,"column":0},"end":{"line":472,"column":32}},"472":{"start":{"line":473,"column":0},"end":{"line":473,"column":18}},"473":{"start":{"line":474,"column":0},"end":{"line":474,"column":16}},"474":{"start":{"line":475,"column":0},"end":{"line":475,"column":25}},"475":{"start":{"line":476,"column":0},"end":{"line":476,"column":33}},"476":{"start":{"line":477,"column":0},"end":{"line":477,"column":12}},"477":{"start":{"line":478,"column":0},"end":{"line":478,"column":151}},"478":{"start":{"line":479,"column":0},"end":{"line":479,"column":151}},"479":{"start":{"line":480,"column":0},"end":{"line":480,"column":8}},"480":{"start":{"line":481,"column":0},"end":{"line":481,"column":15}},"481":{"start":{"line":482,"column":0},"end":{"line":482,"column":6}},"482":{"start":{"line":483,"column":0},"end":{"line":483,"column":5}},"483":{"start":{"line":484,"column":0},"end":{"line":484,"column":12}},"484":{"start":{"line":485,"column":0},"end":{"line":485,"column":43}},"485":{"start":{"line":486,"column":0},"end":{"line":486,"column":18}},"486":{"start":{"line":487,"column":0},"end":{"line":487,"column":134}},"487":{"start":{"line":488,"column":0},"end":{"line":488,"column":20}},"488":{"start":{"line":489,"column":0},"end":{"line":489,"column":32}},"489":{"start":{"line":490,"column":0},"end":{"line":490,"column":18}},"490":{"start":{"line":491,"column":0},"end":{"line":491,"column":16}},"491":{"start":{"line":492,"column":0},"end":{"line":492,"column":29}},"492":{"start":{"line":493,"column":0},"end":{"line":493,"column":33}},"493":{"start":{"line":494,"column":0},"end":{"line":494,"column":12}},"494":{"start":{"line":495,"column":0},"end":{"line":495,"column":130}},"495":{"start":{"line":496,"column":0},"end":{"line":496,"column":131}},"496":{"start":{"line":497,"column":0},"end":{"line":497,"column":131}},"497":{"start":{"line":498,"column":0},"end":{"line":498,"column":8}},"498":{"start":{"line":499,"column":0},"end":{"line":499,"column":15}},"499":{"start":{"line":500,"column":0},"end":{"line":500,"column":6}},"500":{"start":{"line":501,"column":0},"end":{"line":501,"column":5}},"501":{"start":{"line":502,"column":0},"end":{"line":502,"column":12}},"502":{"start":{"line":503,"column":0},"end":{"line":503,"column":26}},"503":{"start":{"line":504,"column":0},"end":{"line":504,"column":18}},"504":{"start":{"line":505,"column":0},"end":{"line":505,"column":175}},"505":{"start":{"line":506,"column":0},"end":{"line":506,"column":19}},"506":{"start":{"line":507,"column":0},"end":{"line":507,"column":31}},"507":{"start":{"line":508,"column":0},"end":{"line":508,"column":18}},"508":{"start":{"line":509,"column":0},"end":{"line":509,"column":16}},"509":{"start":{"line":510,"column":0},"end":{"line":510,"column":33}},"510":{"start":{"line":511,"column":0},"end":{"line":511,"column":33}},"511":{"start":{"line":512,"column":0},"end":{"line":512,"column":12}},"512":{"start":{"line":513,"column":0},"end":{"line":513,"column":146}},"513":{"start":{"line":514,"column":0},"end":{"line":514,"column":147}},"514":{"start":{"line":515,"column":0},"end":{"line":515,"column":8}},"515":{"start":{"line":516,"column":0},"end":{"line":516,"column":15}},"516":{"start":{"line":517,"column":0},"end":{"line":517,"column":6}},"517":{"start":{"line":518,"column":0},"end":{"line":518,"column":5}},"518":{"start":{"line":519,"column":0},"end":{"line":519,"column":12}},"519":{"start":{"line":520,"column":0},"end":{"line":520,"column":30}},"520":{"start":{"line":521,"column":0},"end":{"line":521,"column":18}},"521":{"start":{"line":522,"column":0},"end":{"line":522,"column":233}},"522":{"start":{"line":523,"column":0},"end":{"line":523,"column":20}},"523":{"start":{"line":524,"column":0},"end":{"line":524,"column":32}},"524":{"start":{"line":525,"column":0},"end":{"line":525,"column":18}},"525":{"start":{"line":526,"column":0},"end":{"line":526,"column":16}},"526":{"start":{"line":527,"column":0},"end":{"line":527,"column":29}},"527":{"start":{"line":528,"column":0},"end":{"line":528,"column":33}},"528":{"start":{"line":529,"column":0},"end":{"line":529,"column":12}},"529":{"start":{"line":530,"column":0},"end":{"line":530,"column":151}},"530":{"start":{"line":531,"column":0},"end":{"line":531,"column":151}},"531":{"start":{"line":532,"column":0},"end":{"line":532,"column":8}},"532":{"start":{"line":533,"column":0},"end":{"line":533,"column":15}},"533":{"start":{"line":534,"column":0},"end":{"line":534,"column":6}},"534":{"start":{"line":535,"column":0},"end":{"line":535,"column":5}},"535":{"start":{"line":536,"column":0},"end":{"line":536,"column":12}},"536":{"start":{"line":537,"column":0},"end":{"line":537,"column":43}},"537":{"start":{"line":538,"column":0},"end":{"line":538,"column":18}},"538":{"start":{"line":539,"column":0},"end":{"line":539,"column":142}},"539":{"start":{"line":540,"column":0},"end":{"line":540,"column":20}},"540":{"start":{"line":541,"column":0},"end":{"line":541,"column":32}},"541":{"start":{"line":542,"column":0},"end":{"line":542,"column":18}},"542":{"start":{"line":543,"column":0},"end":{"line":543,"column":16}},"543":{"start":{"line":544,"column":0},"end":{"line":544,"column":26}},"544":{"start":{"line":545,"column":0},"end":{"line":545,"column":33}},"545":{"start":{"line":546,"column":0},"end":{"line":546,"column":12}},"546":{"start":{"line":547,"column":0},"end":{"line":547,"column":144}},"547":{"start":{"line":548,"column":0},"end":{"line":548,"column":144}},"548":{"start":{"line":549,"column":0},"end":{"line":549,"column":144}},"549":{"start":{"line":550,"column":0},"end":{"line":550,"column":8}},"550":{"start":{"line":551,"column":0},"end":{"line":551,"column":15}},"551":{"start":{"line":552,"column":0},"end":{"line":552,"column":6}},"552":{"start":{"line":553,"column":0},"end":{"line":553,"column":4}},"553":{"start":{"line":554,"column":0},"end":{"line":554,"column":10}},"554":{"start":{"line":555,"column":0},"end":{"line":555,"column":3}},"555":{"start":{"line":556,"column":0},"end":{"line":556,"column":5}},"556":{"start":{"line":557,"column":0},"end":{"line":557,"column":12}},"557":{"start":{"line":558,"column":0},"end":{"line":558,"column":35}},"558":{"start":{"line":559,"column":0},"end":{"line":559,"column":18}},"559":{"start":{"line":560,"column":0},"end":{"line":560,"column":184}},"560":{"start":{"line":561,"column":0},"end":{"line":561,"column":20}},"561":{"start":{"line":562,"column":0},"end":{"line":562,"column":31}},"562":{"start":{"line":563,"column":0},"end":{"line":563,"column":16}},"563":{"start":{"line":564,"column":0},"end":{"line":564,"column":16}},"564":{"start":{"line":565,"column":0},"end":{"line":565,"column":20}},"565":{"start":{"line":566,"column":0},"end":{"line":566,"column":24}},"566":{"start":{"line":567,"column":0},"end":{"line":567,"column":12}},"567":{"start":{"line":568,"column":0},"end":{"line":568,"column":123}},"568":{"start":{"line":569,"column":0},"end":{"line":569,"column":123}},"569":{"start":{"line":570,"column":0},"end":{"line":570,"column":8}},"570":{"start":{"line":571,"column":0},"end":{"line":571,"column":15}},"571":{"start":{"line":572,"column":0},"end":{"line":572,"column":6}},"572":{"start":{"line":573,"column":0},"end":{"line":573,"column":5}},"573":{"start":{"line":574,"column":0},"end":{"line":574,"column":12}},"574":{"start":{"line":575,"column":0},"end":{"line":575,"column":39}},"575":{"start":{"line":576,"column":0},"end":{"line":576,"column":18}},"576":{"start":{"line":577,"column":0},"end":{"line":577,"column":276}},"577":{"start":{"line":578,"column":0},"end":{"line":578,"column":20}},"578":{"start":{"line":579,"column":0},"end":{"line":579,"column":31}},"579":{"start":{"line":580,"column":0},"end":{"line":580,"column":18}},"580":{"start":{"line":581,"column":0},"end":{"line":581,"column":15}},"581":{"start":{"line":582,"column":0},"end":{"line":582,"column":22}},"582":{"start":{"line":583,"column":0},"end":{"line":583,"column":24}},"583":{"start":{"line":584,"column":0},"end":{"line":584,"column":12}},"584":{"start":{"line":585,"column":0},"end":{"line":585,"column":111}},"585":{"start":{"line":586,"column":0},"end":{"line":586,"column":111}},"586":{"start":{"line":587,"column":0},"end":{"line":587,"column":111}},"587":{"start":{"line":588,"column":0},"end":{"line":588,"column":8}},"588":{"start":{"line":589,"column":0},"end":{"line":589,"column":15}},"589":{"start":{"line":590,"column":0},"end":{"line":590,"column":6}},"590":{"start":{"line":591,"column":0},"end":{"line":591,"column":5}},"591":{"start":{"line":592,"column":0},"end":{"line":592,"column":12}},"592":{"start":{"line":593,"column":0},"end":{"line":593,"column":41}},"593":{"start":{"line":594,"column":0},"end":{"line":594,"column":18}},"594":{"start":{"line":595,"column":0},"end":{"line":595,"column":145}},"595":{"start":{"line":596,"column":0},"end":{"line":596,"column":21}},"596":{"start":{"line":597,"column":0},"end":{"line":597,"column":32}},"597":{"start":{"line":598,"column":0},"end":{"line":598,"column":18}},"598":{"start":{"line":599,"column":0},"end":{"line":599,"column":15}},"599":{"start":{"line":600,"column":0},"end":{"line":600,"column":21}},"600":{"start":{"line":601,"column":0},"end":{"line":601,"column":24}},"601":{"start":{"line":602,"column":0},"end":{"line":602,"column":12}},"602":{"start":{"line":603,"column":0},"end":{"line":603,"column":73}},"603":{"start":{"line":604,"column":0},"end":{"line":604,"column":75}},"604":{"start":{"line":605,"column":0},"end":{"line":605,"column":75}},"605":{"start":{"line":606,"column":0},"end":{"line":606,"column":8}},"606":{"start":{"line":607,"column":0},"end":{"line":607,"column":15}},"607":{"start":{"line":608,"column":0},"end":{"line":608,"column":6}},"608":{"start":{"line":609,"column":0},"end":{"line":609,"column":5}},"609":{"start":{"line":610,"column":0},"end":{"line":610,"column":12}},"610":{"start":{"line":611,"column":0},"end":{"line":611,"column":34}},"611":{"start":{"line":612,"column":0},"end":{"line":612,"column":18}},"612":{"start":{"line":613,"column":0},"end":{"line":613,"column":271}},"613":{"start":{"line":614,"column":0},"end":{"line":614,"column":20}},"614":{"start":{"line":615,"column":0},"end":{"line":615,"column":31}},"615":{"start":{"line":616,"column":0},"end":{"line":616,"column":18}},"616":{"start":{"line":617,"column":0},"end":{"line":617,"column":15}},"617":{"start":{"line":618,"column":0},"end":{"line":618,"column":26}},"618":{"start":{"line":619,"column":0},"end":{"line":619,"column":24}},"619":{"start":{"line":620,"column":0},"end":{"line":620,"column":12}},"620":{"start":{"line":621,"column":0},"end":{"line":621,"column":134}},"621":{"start":{"line":622,"column":0},"end":{"line":622,"column":134}},"622":{"start":{"line":623,"column":0},"end":{"line":623,"column":134}},"623":{"start":{"line":624,"column":0},"end":{"line":624,"column":8}},"624":{"start":{"line":625,"column":0},"end":{"line":625,"column":15}},"625":{"start":{"line":626,"column":0},"end":{"line":626,"column":6}},"626":{"start":{"line":627,"column":0},"end":{"line":627,"column":5}},"627":{"start":{"line":628,"column":0},"end":{"line":628,"column":12}},"628":{"start":{"line":629,"column":0},"end":{"line":629,"column":41}},"629":{"start":{"line":630,"column":0},"end":{"line":630,"column":18}},"630":{"start":{"line":631,"column":0},"end":{"line":631,"column":269}},"631":{"start":{"line":632,"column":0},"end":{"line":632,"column":21}},"632":{"start":{"line":633,"column":0},"end":{"line":633,"column":31}},"633":{"start":{"line":634,"column":0},"end":{"line":634,"column":18}},"634":{"start":{"line":635,"column":0},"end":{"line":635,"column":15}},"635":{"start":{"line":636,"column":0},"end":{"line":636,"column":25}},"636":{"start":{"line":637,"column":0},"end":{"line":637,"column":24}},"637":{"start":{"line":638,"column":0},"end":{"line":638,"column":12}},"638":{"start":{"line":639,"column":0},"end":{"line":639,"column":129}},"639":{"start":{"line":640,"column":0},"end":{"line":640,"column":129}},"640":{"start":{"line":641,"column":0},"end":{"line":641,"column":128}},"641":{"start":{"line":642,"column":0},"end":{"line":642,"column":8}},"642":{"start":{"line":643,"column":0},"end":{"line":643,"column":15}},"643":{"start":{"line":644,"column":0},"end":{"line":644,"column":6}},"644":{"start":{"line":645,"column":0},"end":{"line":645,"column":5}},"645":{"start":{"line":646,"column":0},"end":{"line":646,"column":12}},"646":{"start":{"line":647,"column":0},"end":{"line":647,"column":37}},"647":{"start":{"line":648,"column":0},"end":{"line":648,"column":18}},"648":{"start":{"line":649,"column":0},"end":{"line":649,"column":301}},"649":{"start":{"line":650,"column":0},"end":{"line":650,"column":20}},"650":{"start":{"line":651,"column":0},"end":{"line":651,"column":32}},"651":{"start":{"line":652,"column":0},"end":{"line":652,"column":18}},"652":{"start":{"line":653,"column":0},"end":{"line":653,"column":15}},"653":{"start":{"line":654,"column":0},"end":{"line":654,"column":30}},"654":{"start":{"line":655,"column":0},"end":{"line":655,"column":24}},"655":{"start":{"line":656,"column":0},"end":{"line":656,"column":12}},"656":{"start":{"line":657,"column":0},"end":{"line":657,"column":134}},"657":{"start":{"line":658,"column":0},"end":{"line":658,"column":134}},"658":{"start":{"line":659,"column":0},"end":{"line":659,"column":133}},"659":{"start":{"line":660,"column":0},"end":{"line":660,"column":8}},"660":{"start":{"line":661,"column":0},"end":{"line":661,"column":15}},"661":{"start":{"line":662,"column":0},"end":{"line":662,"column":6}},"662":{"start":{"line":663,"column":0},"end":{"line":663,"column":4}},"663":{"start":{"line":664,"column":0},"end":{"line":664,"column":11}},"664":{"start":{"line":665,"column":0},"end":{"line":665,"column":3}},"665":{"start":{"line":666,"column":0},"end":{"line":666,"column":5}},"666":{"start":{"line":667,"column":0},"end":{"line":667,"column":12}},"667":{"start":{"line":668,"column":0},"end":{"line":668,"column":30}},"668":{"start":{"line":669,"column":0},"end":{"line":669,"column":18}},"669":{"start":{"line":670,"column":0},"end":{"line":670,"column":195}},"670":{"start":{"line":671,"column":0},"end":{"line":671,"column":19}},"671":{"start":{"line":672,"column":0},"end":{"line":672,"column":32}},"672":{"start":{"line":673,"column":0},"end":{"line":673,"column":18}},"673":{"start":{"line":674,"column":0},"end":{"line":674,"column":16}},"674":{"start":{"line":675,"column":0},"end":{"line":675,"column":20}},"675":{"start":{"line":676,"column":0},"end":{"line":676,"column":25}},"676":{"start":{"line":677,"column":0},"end":{"line":677,"column":12}},"677":{"start":{"line":678,"column":0},"end":{"line":678,"column":124}},"678":{"start":{"line":679,"column":0},"end":{"line":679,"column":124}},"679":{"start":{"line":680,"column":0},"end":{"line":680,"column":124}},"680":{"start":{"line":681,"column":0},"end":{"line":681,"column":8}},"681":{"start":{"line":682,"column":0},"end":{"line":682,"column":15}},"682":{"start":{"line":683,"column":0},"end":{"line":683,"column":6}},"683":{"start":{"line":684,"column":0},"end":{"line":684,"column":5}},"684":{"start":{"line":685,"column":0},"end":{"line":685,"column":12}},"685":{"start":{"line":686,"column":0},"end":{"line":686,"column":43}},"686":{"start":{"line":687,"column":0},"end":{"line":687,"column":18}},"687":{"start":{"line":688,"column":0},"end":{"line":688,"column":220}},"688":{"start":{"line":689,"column":0},"end":{"line":689,"column":20}},"689":{"start":{"line":690,"column":0},"end":{"line":690,"column":32}},"690":{"start":{"line":691,"column":0},"end":{"line":691,"column":18}},"691":{"start":{"line":692,"column":0},"end":{"line":692,"column":16}},"692":{"start":{"line":693,"column":0},"end":{"line":693,"column":21}},"693":{"start":{"line":694,"column":0},"end":{"line":694,"column":25}},"694":{"start":{"line":695,"column":0},"end":{"line":695,"column":12}},"695":{"start":{"line":696,"column":0},"end":{"line":696,"column":118}},"696":{"start":{"line":697,"column":0},"end":{"line":697,"column":119}},"697":{"start":{"line":698,"column":0},"end":{"line":698,"column":119}},"698":{"start":{"line":699,"column":0},"end":{"line":699,"column":8}},"699":{"start":{"line":700,"column":0},"end":{"line":700,"column":15}},"700":{"start":{"line":701,"column":0},"end":{"line":701,"column":6}},"701":{"start":{"line":702,"column":0},"end":{"line":702,"column":5}},"702":{"start":{"line":703,"column":0},"end":{"line":703,"column":12}},"703":{"start":{"line":704,"column":0},"end":{"line":704,"column":51}},"704":{"start":{"line":705,"column":0},"end":{"line":705,"column":18}},"705":{"start":{"line":706,"column":0},"end":{"line":706,"column":306}},"706":{"start":{"line":707,"column":0},"end":{"line":707,"column":20}},"707":{"start":{"line":708,"column":0},"end":{"line":708,"column":31}},"708":{"start":{"line":709,"column":0},"end":{"line":709,"column":18}},"709":{"start":{"line":710,"column":0},"end":{"line":710,"column":16}},"710":{"start":{"line":711,"column":0},"end":{"line":711,"column":26}},"711":{"start":{"line":712,"column":0},"end":{"line":712,"column":25}},"712":{"start":{"line":713,"column":0},"end":{"line":713,"column":12}},"713":{"start":{"line":714,"column":0},"end":{"line":714,"column":138}},"714":{"start":{"line":715,"column":0},"end":{"line":715,"column":138}},"715":{"start":{"line":716,"column":0},"end":{"line":716,"column":8}},"716":{"start":{"line":717,"column":0},"end":{"line":717,"column":15}},"717":{"start":{"line":718,"column":0},"end":{"line":718,"column":6}},"718":{"start":{"line":719,"column":0},"end":{"line":719,"column":5}},"719":{"start":{"line":720,"column":0},"end":{"line":720,"column":12}},"720":{"start":{"line":721,"column":0},"end":{"line":721,"column":34}},"721":{"start":{"line":722,"column":0},"end":{"line":722,"column":18}},"722":{"start":{"line":723,"column":0},"end":{"line":723,"column":221}},"723":{"start":{"line":724,"column":0},"end":{"line":724,"column":20}},"724":{"start":{"line":725,"column":0},"end":{"line":725,"column":31}},"725":{"start":{"line":726,"column":0},"end":{"line":726,"column":18}},"726":{"start":{"line":727,"column":0},"end":{"line":727,"column":16}},"727":{"start":{"line":728,"column":0},"end":{"line":728,"column":26}},"728":{"start":{"line":729,"column":0},"end":{"line":729,"column":25}},"729":{"start":{"line":730,"column":0},"end":{"line":730,"column":12}},"730":{"start":{"line":731,"column":0},"end":{"line":731,"column":111}},"731":{"start":{"line":732,"column":0},"end":{"line":732,"column":111}},"732":{"start":{"line":733,"column":0},"end":{"line":733,"column":111}},"733":{"start":{"line":734,"column":0},"end":{"line":734,"column":116}},"734":{"start":{"line":735,"column":0},"end":{"line":735,"column":8}},"735":{"start":{"line":736,"column":0},"end":{"line":736,"column":15}},"736":{"start":{"line":737,"column":0},"end":{"line":737,"column":6}},"737":{"start":{"line":738,"column":0},"end":{"line":738,"column":5}},"738":{"start":{"line":739,"column":0},"end":{"line":739,"column":12}},"739":{"start":{"line":740,"column":0},"end":{"line":740,"column":40}},"740":{"start":{"line":741,"column":0},"end":{"line":741,"column":18}},"741":{"start":{"line":742,"column":0},"end":{"line":742,"column":159}},"742":{"start":{"line":743,"column":0},"end":{"line":743,"column":20}},"743":{"start":{"line":744,"column":0},"end":{"line":744,"column":32}},"744":{"start":{"line":745,"column":0},"end":{"line":745,"column":18}},"745":{"start":{"line":746,"column":0},"end":{"line":746,"column":16}},"746":{"start":{"line":747,"column":0},"end":{"line":747,"column":26}},"747":{"start":{"line":748,"column":0},"end":{"line":748,"column":25}},"748":{"start":{"line":749,"column":0},"end":{"line":749,"column":12}},"749":{"start":{"line":750,"column":0},"end":{"line":750,"column":134}},"750":{"start":{"line":751,"column":0},"end":{"line":751,"column":133}},"751":{"start":{"line":752,"column":0},"end":{"line":752,"column":8}},"752":{"start":{"line":753,"column":0},"end":{"line":753,"column":15}},"753":{"start":{"line":754,"column":0},"end":{"line":754,"column":6}},"754":{"start":{"line":755,"column":0},"end":{"line":755,"column":5}},"755":{"start":{"line":756,"column":0},"end":{"line":756,"column":12}},"756":{"start":{"line":757,"column":0},"end":{"line":757,"column":43}},"757":{"start":{"line":758,"column":0},"end":{"line":758,"column":18}},"758":{"start":{"line":759,"column":0},"end":{"line":759,"column":214}},"759":{"start":{"line":760,"column":0},"end":{"line":760,"column":20}},"760":{"start":{"line":761,"column":0},"end":{"line":761,"column":32}},"761":{"start":{"line":762,"column":0},"end":{"line":762,"column":18}},"762":{"start":{"line":763,"column":0},"end":{"line":763,"column":16}},"763":{"start":{"line":764,"column":0},"end":{"line":764,"column":32}},"764":{"start":{"line":765,"column":0},"end":{"line":765,"column":25}},"765":{"start":{"line":766,"column":0},"end":{"line":766,"column":12}},"766":{"start":{"line":767,"column":0},"end":{"line":767,"column":136}},"767":{"start":{"line":768,"column":0},"end":{"line":768,"column":136}},"768":{"start":{"line":769,"column":0},"end":{"line":769,"column":8}},"769":{"start":{"line":770,"column":0},"end":{"line":770,"column":15}},"770":{"start":{"line":771,"column":0},"end":{"line":771,"column":6}},"771":{"start":{"line":772,"column":0},"end":{"line":772,"column":4}},"772":{"start":{"line":773,"column":0},"end":{"line":773,"column":14}},"773":{"start":{"line":774,"column":0},"end":{"line":774,"column":3}},"774":{"start":{"line":775,"column":0},"end":{"line":775,"column":5}},"775":{"start":{"line":776,"column":0},"end":{"line":776,"column":12}},"776":{"start":{"line":777,"column":0},"end":{"line":777,"column":30}},"777":{"start":{"line":778,"column":0},"end":{"line":778,"column":18}},"778":{"start":{"line":779,"column":0},"end":{"line":779,"column":207}},"779":{"start":{"line":780,"column":0},"end":{"line":780,"column":20}},"780":{"start":{"line":781,"column":0},"end":{"line":781,"column":32}},"781":{"start":{"line":782,"column":0},"end":{"line":782,"column":18}},"782":{"start":{"line":783,"column":0},"end":{"line":783,"column":16}},"783":{"start":{"line":784,"column":0},"end":{"line":784,"column":20}},"784":{"start":{"line":785,"column":0},"end":{"line":785,"column":28}},"785":{"start":{"line":786,"column":0},"end":{"line":786,"column":12}},"786":{"start":{"line":787,"column":0},"end":{"line":787,"column":149}},"787":{"start":{"line":788,"column":0},"end":{"line":788,"column":149}},"788":{"start":{"line":789,"column":0},"end":{"line":789,"column":149}},"789":{"start":{"line":790,"column":0},"end":{"line":790,"column":8}},"790":{"start":{"line":791,"column":0},"end":{"line":791,"column":15}},"791":{"start":{"line":792,"column":0},"end":{"line":792,"column":6}},"792":{"start":{"line":793,"column":0},"end":{"line":793,"column":5}},"793":{"start":{"line":794,"column":0},"end":{"line":794,"column":12}},"794":{"start":{"line":795,"column":0},"end":{"line":795,"column":31}},"795":{"start":{"line":796,"column":0},"end":{"line":796,"column":18}},"796":{"start":{"line":797,"column":0},"end":{"line":797,"column":214}},"797":{"start":{"line":798,"column":0},"end":{"line":798,"column":19}},"798":{"start":{"line":799,"column":0},"end":{"line":799,"column":31}},"799":{"start":{"line":800,"column":0},"end":{"line":800,"column":18}},"800":{"start":{"line":801,"column":0},"end":{"line":801,"column":16}},"801":{"start":{"line":802,"column":0},"end":{"line":802,"column":20}},"802":{"start":{"line":803,"column":0},"end":{"line":803,"column":28}},"803":{"start":{"line":804,"column":0},"end":{"line":804,"column":12}},"804":{"start":{"line":805,"column":0},"end":{"line":805,"column":127}},"805":{"start":{"line":806,"column":0},"end":{"line":806,"column":127}},"806":{"start":{"line":807,"column":0},"end":{"line":807,"column":8}},"807":{"start":{"line":808,"column":0},"end":{"line":808,"column":15}},"808":{"start":{"line":809,"column":0},"end":{"line":809,"column":6}},"809":{"start":{"line":810,"column":0},"end":{"line":810,"column":5}},"810":{"start":{"line":811,"column":0},"end":{"line":811,"column":12}},"811":{"start":{"line":812,"column":0},"end":{"line":812,"column":29}},"812":{"start":{"line":813,"column":0},"end":{"line":813,"column":18}},"813":{"start":{"line":814,"column":0},"end":{"line":814,"column":209}},"814":{"start":{"line":815,"column":0},"end":{"line":815,"column":20}},"815":{"start":{"line":816,"column":0},"end":{"line":816,"column":32}},"816":{"start":{"line":817,"column":0},"end":{"line":817,"column":18}},"817":{"start":{"line":818,"column":0},"end":{"line":818,"column":15}},"818":{"start":{"line":819,"column":0},"end":{"line":819,"column":26}},"819":{"start":{"line":820,"column":0},"end":{"line":820,"column":28}},"820":{"start":{"line":821,"column":0},"end":{"line":821,"column":12}},"821":{"start":{"line":822,"column":0},"end":{"line":822,"column":140}},"822":{"start":{"line":823,"column":0},"end":{"line":823,"column":140}},"823":{"start":{"line":824,"column":0},"end":{"line":824,"column":8}},"824":{"start":{"line":825,"column":0},"end":{"line":825,"column":15}},"825":{"start":{"line":826,"column":0},"end":{"line":826,"column":6}},"826":{"start":{"line":827,"column":0},"end":{"line":827,"column":5}},"827":{"start":{"line":828,"column":0},"end":{"line":828,"column":12}},"828":{"start":{"line":829,"column":0},"end":{"line":829,"column":43}},"829":{"start":{"line":830,"column":0},"end":{"line":830,"column":18}},"830":{"start":{"line":831,"column":0},"end":{"line":831,"column":161}},"831":{"start":{"line":832,"column":0},"end":{"line":832,"column":20}},"832":{"start":{"line":833,"column":0},"end":{"line":833,"column":32}},"833":{"start":{"line":834,"column":0},"end":{"line":834,"column":18}},"834":{"start":{"line":835,"column":0},"end":{"line":835,"column":15}},"835":{"start":{"line":836,"column":0},"end":{"line":836,"column":33}},"836":{"start":{"line":837,"column":0},"end":{"line":837,"column":28}},"837":{"start":{"line":838,"column":0},"end":{"line":838,"column":12}},"838":{"start":{"line":839,"column":0},"end":{"line":839,"column":169}},"839":{"start":{"line":840,"column":0},"end":{"line":840,"column":169}},"840":{"start":{"line":841,"column":0},"end":{"line":841,"column":169}},"841":{"start":{"line":842,"column":0},"end":{"line":842,"column":8}},"842":{"start":{"line":843,"column":0},"end":{"line":843,"column":15}},"843":{"start":{"line":844,"column":0},"end":{"line":844,"column":6}},"844":{"start":{"line":845,"column":0},"end":{"line":845,"column":5}},"845":{"start":{"line":846,"column":0},"end":{"line":846,"column":12}},"846":{"start":{"line":847,"column":0},"end":{"line":847,"column":37}},"847":{"start":{"line":848,"column":0},"end":{"line":848,"column":18}},"848":{"start":{"line":849,"column":0},"end":{"line":849,"column":157}},"849":{"start":{"line":850,"column":0},"end":{"line":850,"column":20}},"850":{"start":{"line":851,"column":0},"end":{"line":851,"column":31}},"851":{"start":{"line":852,"column":0},"end":{"line":852,"column":18}},"852":{"start":{"line":853,"column":0},"end":{"line":853,"column":15}},"853":{"start":{"line":854,"column":0},"end":{"line":854,"column":28}},"854":{"start":{"line":855,"column":0},"end":{"line":855,"column":28}},"855":{"start":{"line":856,"column":0},"end":{"line":856,"column":12}},"856":{"start":{"line":857,"column":0},"end":{"line":857,"column":116}},"857":{"start":{"line":858,"column":0},"end":{"line":858,"column":116}},"858":{"start":{"line":859,"column":0},"end":{"line":859,"column":116}},"859":{"start":{"line":860,"column":0},"end":{"line":860,"column":8}},"860":{"start":{"line":861,"column":0},"end":{"line":861,"column":15}},"861":{"start":{"line":862,"column":0},"end":{"line":862,"column":6}},"862":{"start":{"line":863,"column":0},"end":{"line":863,"column":5}},"863":{"start":{"line":864,"column":0},"end":{"line":864,"column":12}},"864":{"start":{"line":865,"column":0},"end":{"line":865,"column":37}},"865":{"start":{"line":866,"column":0},"end":{"line":866,"column":18}},"866":{"start":{"line":867,"column":0},"end":{"line":867,"column":211}},"867":{"start":{"line":868,"column":0},"end":{"line":868,"column":20}},"868":{"start":{"line":869,"column":0},"end":{"line":869,"column":32}},"869":{"start":{"line":870,"column":0},"end":{"line":870,"column":18}},"870":{"start":{"line":871,"column":0},"end":{"line":871,"column":16}},"871":{"start":{"line":872,"column":0},"end":{"line":872,"column":30}},"872":{"start":{"line":873,"column":0},"end":{"line":873,"column":28}},"873":{"start":{"line":874,"column":0},"end":{"line":874,"column":12}},"874":{"start":{"line":875,"column":0},"end":{"line":875,"column":141}},"875":{"start":{"line":876,"column":0},"end":{"line":876,"column":141}},"876":{"start":{"line":877,"column":0},"end":{"line":877,"column":141}},"877":{"start":{"line":878,"column":0},"end":{"line":878,"column":8}},"878":{"start":{"line":879,"column":0},"end":{"line":879,"column":15}},"879":{"start":{"line":880,"column":0},"end":{"line":880,"column":6}},"880":{"start":{"line":881,"column":0},"end":{"line":881,"column":4}},"881":{"start":{"line":882,"column":0},"end":{"line":882,"column":23}},"882":{"start":{"line":883,"column":0},"end":{"line":883,"column":3}},"883":{"start":{"line":884,"column":0},"end":{"line":884,"column":5}},"884":{"start":{"line":885,"column":0},"end":{"line":885,"column":12}},"885":{"start":{"line":886,"column":0},"end":{"line":886,"column":29}},"886":{"start":{"line":887,"column":0},"end":{"line":887,"column":18}},"887":{"start":{"line":888,"column":0},"end":{"line":888,"column":162}},"888":{"start":{"line":889,"column":0},"end":{"line":889,"column":21}},"889":{"start":{"line":890,"column":0},"end":{"line":890,"column":32}},"890":{"start":{"line":891,"column":0},"end":{"line":891,"column":16}},"891":{"start":{"line":892,"column":0},"end":{"line":892,"column":15}},"892":{"start":{"line":893,"column":0},"end":{"line":893,"column":27}},"893":{"start":{"line":894,"column":0},"end":{"line":894,"column":27}},"894":{"start":{"line":895,"column":0},"end":{"line":895,"column":12}},"895":{"start":{"line":896,"column":0},"end":{"line":896,"column":80}},"896":{"start":{"line":897,"column":0},"end":{"line":897,"column":86}},"897":{"start":{"line":898,"column":0},"end":{"line":898,"column":8}},"898":{"start":{"line":899,"column":0},"end":{"line":899,"column":15}},"899":{"start":{"line":900,"column":0},"end":{"line":900,"column":6}},"900":{"start":{"line":901,"column":0},"end":{"line":901,"column":5}},"901":{"start":{"line":902,"column":0},"end":{"line":902,"column":12}},"902":{"start":{"line":903,"column":0},"end":{"line":903,"column":30}},"903":{"start":{"line":904,"column":0},"end":{"line":904,"column":18}},"904":{"start":{"line":905,"column":0},"end":{"line":905,"column":121}},"905":{"start":{"line":906,"column":0},"end":{"line":906,"column":20}},"906":{"start":{"line":907,"column":0},"end":{"line":907,"column":31}},"907":{"start":{"line":908,"column":0},"end":{"line":908,"column":18}},"908":{"start":{"line":909,"column":0},"end":{"line":909,"column":16}},"909":{"start":{"line":910,"column":0},"end":{"line":910,"column":28}},"910":{"start":{"line":911,"column":0},"end":{"line":911,"column":37}},"911":{"start":{"line":912,"column":0},"end":{"line":912,"column":12}},"912":{"start":{"line":913,"column":0},"end":{"line":913,"column":124}},"913":{"start":{"line":914,"column":0},"end":{"line":914,"column":124}},"914":{"start":{"line":915,"column":0},"end":{"line":915,"column":124}},"915":{"start":{"line":916,"column":0},"end":{"line":916,"column":8}},"916":{"start":{"line":917,"column":0},"end":{"line":917,"column":15}},"917":{"start":{"line":918,"column":0},"end":{"line":918,"column":6}},"918":{"start":{"line":919,"column":0},"end":{"line":919,"column":5}},"919":{"start":{"line":920,"column":0},"end":{"line":920,"column":12}},"920":{"start":{"line":921,"column":0},"end":{"line":921,"column":34}},"921":{"start":{"line":922,"column":0},"end":{"line":922,"column":18}},"922":{"start":{"line":923,"column":0},"end":{"line":923,"column":189}},"923":{"start":{"line":924,"column":0},"end":{"line":924,"column":20}},"924":{"start":{"line":925,"column":0},"end":{"line":925,"column":32}},"925":{"start":{"line":926,"column":0},"end":{"line":926,"column":18}},"926":{"start":{"line":927,"column":0},"end":{"line":927,"column":16}},"927":{"start":{"line":928,"column":0},"end":{"line":928,"column":26}},"928":{"start":{"line":929,"column":0},"end":{"line":929,"column":37}},"929":{"start":{"line":930,"column":0},"end":{"line":930,"column":12}},"930":{"start":{"line":931,"column":0},"end":{"line":931,"column":173}},"931":{"start":{"line":932,"column":0},"end":{"line":932,"column":172}},"932":{"start":{"line":933,"column":0},"end":{"line":933,"column":172}},"933":{"start":{"line":934,"column":0},"end":{"line":934,"column":8}},"934":{"start":{"line":935,"column":0},"end":{"line":935,"column":15}},"935":{"start":{"line":936,"column":0},"end":{"line":936,"column":6}},"936":{"start":{"line":937,"column":0},"end":{"line":937,"column":5}},"937":{"start":{"line":938,"column":0},"end":{"line":938,"column":12}},"938":{"start":{"line":939,"column":0},"end":{"line":939,"column":42}},"939":{"start":{"line":940,"column":0},"end":{"line":940,"column":18}},"940":{"start":{"line":941,"column":0},"end":{"line":941,"column":224}},"941":{"start":{"line":942,"column":0},"end":{"line":942,"column":20}},"942":{"start":{"line":943,"column":0},"end":{"line":943,"column":32}},"943":{"start":{"line":944,"column":0},"end":{"line":944,"column":18}},"944":{"start":{"line":945,"column":0},"end":{"line":945,"column":15}},"945":{"start":{"line":946,"column":0},"end":{"line":946,"column":31}},"946":{"start":{"line":947,"column":0},"end":{"line":947,"column":37}},"947":{"start":{"line":948,"column":0},"end":{"line":948,"column":12}},"948":{"start":{"line":949,"column":0},"end":{"line":949,"column":132}},"949":{"start":{"line":950,"column":0},"end":{"line":950,"column":132}},"950":{"start":{"line":951,"column":0},"end":{"line":951,"column":132}},"951":{"start":{"line":952,"column":0},"end":{"line":952,"column":8}},"952":{"start":{"line":953,"column":0},"end":{"line":953,"column":15}},"953":{"start":{"line":954,"column":0},"end":{"line":954,"column":6}},"954":{"start":{"line":955,"column":0},"end":{"line":955,"column":5}},"955":{"start":{"line":956,"column":0},"end":{"line":956,"column":12}},"956":{"start":{"line":957,"column":0},"end":{"line":957,"column":34}},"957":{"start":{"line":958,"column":0},"end":{"line":958,"column":18}},"958":{"start":{"line":959,"column":0},"end":{"line":959,"column":151}},"959":{"start":{"line":960,"column":0},"end":{"line":960,"column":20}},"960":{"start":{"line":961,"column":0},"end":{"line":961,"column":32}},"961":{"start":{"line":962,"column":0},"end":{"line":962,"column":18}},"962":{"start":{"line":963,"column":0},"end":{"line":963,"column":16}},"963":{"start":{"line":964,"column":0},"end":{"line":964,"column":33}},"964":{"start":{"line":965,"column":0},"end":{"line":965,"column":37}},"965":{"start":{"line":966,"column":0},"end":{"line":966,"column":12}},"966":{"start":{"line":967,"column":0},"end":{"line":967,"column":124}},"967":{"start":{"line":968,"column":0},"end":{"line":968,"column":124}},"968":{"start":{"line":969,"column":0},"end":{"line":969,"column":124}},"969":{"start":{"line":970,"column":0},"end":{"line":970,"column":8}},"970":{"start":{"line":971,"column":0},"end":{"line":971,"column":15}},"971":{"start":{"line":972,"column":0},"end":{"line":972,"column":6}},"972":{"start":{"line":973,"column":0},"end":{"line":973,"column":5}},"973":{"start":{"line":974,"column":0},"end":{"line":974,"column":12}},"974":{"start":{"line":975,"column":0},"end":{"line":975,"column":37}},"975":{"start":{"line":976,"column":0},"end":{"line":976,"column":18}},"976":{"start":{"line":977,"column":0},"end":{"line":977,"column":198}},"977":{"start":{"line":978,"column":0},"end":{"line":978,"column":20}},"978":{"start":{"line":979,"column":0},"end":{"line":979,"column":32}},"979":{"start":{"line":980,"column":0},"end":{"line":980,"column":18}},"980":{"start":{"line":981,"column":0},"end":{"line":981,"column":16}},"981":{"start":{"line":982,"column":0},"end":{"line":982,"column":28}},"982":{"start":{"line":983,"column":0},"end":{"line":983,"column":37}},"983":{"start":{"line":984,"column":0},"end":{"line":984,"column":12}},"984":{"start":{"line":985,"column":0},"end":{"line":985,"column":127}},"985":{"start":{"line":986,"column":0},"end":{"line":986,"column":127}},"986":{"start":{"line":987,"column":0},"end":{"line":987,"column":127}},"987":{"start":{"line":988,"column":0},"end":{"line":988,"column":8}},"988":{"start":{"line":989,"column":0},"end":{"line":989,"column":15}},"989":{"start":{"line":990,"column":0},"end":{"line":990,"column":6}},"990":{"start":{"line":991,"column":0},"end":{"line":991,"column":4}},"991":{"start":{"line":992,"column":0},"end":{"line":992,"column":18}},"992":{"start":{"line":993,"column":0},"end":{"line":993,"column":3}},"993":{"start":{"line":994,"column":0},"end":{"line":994,"column":5}},"994":{"start":{"line":995,"column":0},"end":{"line":995,"column":12}},"995":{"start":{"line":996,"column":0},"end":{"line":996,"column":33}},"996":{"start":{"line":997,"column":0},"end":{"line":997,"column":18}},"997":{"start":{"line":998,"column":0},"end":{"line":998,"column":213}},"998":{"start":{"line":999,"column":0},"end":{"line":999,"column":19}},"999":{"start":{"line":1000,"column":0},"end":{"line":1000,"column":32}},"1000":{"start":{"line":1001,"column":0},"end":{"line":1001,"column":16}},"1001":{"start":{"line":1002,"column":0},"end":{"line":1002,"column":15}},"1002":{"start":{"line":1003,"column":0},"end":{"line":1003,"column":20}},"1003":{"start":{"line":1004,"column":0},"end":{"line":1004,"column":32}},"1004":{"start":{"line":1005,"column":0},"end":{"line":1005,"column":12}},"1005":{"start":{"line":1006,"column":0},"end":{"line":1006,"column":106}},"1006":{"start":{"line":1007,"column":0},"end":{"line":1007,"column":106}},"1007":{"start":{"line":1008,"column":0},"end":{"line":1008,"column":8}},"1008":{"start":{"line":1009,"column":0},"end":{"line":1009,"column":15}},"1009":{"start":{"line":1010,"column":0},"end":{"line":1010,"column":6}},"1010":{"start":{"line":1011,"column":0},"end":{"line":1011,"column":5}},"1011":{"start":{"line":1012,"column":0},"end":{"line":1012,"column":12}},"1012":{"start":{"line":1013,"column":0},"end":{"line":1013,"column":50}},"1013":{"start":{"line":1014,"column":0},"end":{"line":1014,"column":18}},"1014":{"start":{"line":1015,"column":0},"end":{"line":1015,"column":263}},"1015":{"start":{"line":1016,"column":0},"end":{"line":1016,"column":20}},"1016":{"start":{"line":1017,"column":0},"end":{"line":1017,"column":31}},"1017":{"start":{"line":1018,"column":0},"end":{"line":1018,"column":18}},"1018":{"start":{"line":1019,"column":0},"end":{"line":1019,"column":16}},"1019":{"start":{"line":1020,"column":0},"end":{"line":1020,"column":26}},"1020":{"start":{"line":1021,"column":0},"end":{"line":1021,"column":32}},"1021":{"start":{"line":1022,"column":0},"end":{"line":1022,"column":12}},"1022":{"start":{"line":1023,"column":0},"end":{"line":1023,"column":138}},"1023":{"start":{"line":1024,"column":0},"end":{"line":1024,"column":138}},"1024":{"start":{"line":1025,"column":0},"end":{"line":1025,"column":8}},"1025":{"start":{"line":1026,"column":0},"end":{"line":1026,"column":15}},"1026":{"start":{"line":1027,"column":0},"end":{"line":1027,"column":6}},"1027":{"start":{"line":1028,"column":0},"end":{"line":1028,"column":5}},"1028":{"start":{"line":1029,"column":0},"end":{"line":1029,"column":12}},"1029":{"start":{"line":1030,"column":0},"end":{"line":1030,"column":39}},"1030":{"start":{"line":1031,"column":0},"end":{"line":1031,"column":18}},"1031":{"start":{"line":1032,"column":0},"end":{"line":1032,"column":246}},"1032":{"start":{"line":1033,"column":0},"end":{"line":1033,"column":20}},"1033":{"start":{"line":1034,"column":0},"end":{"line":1034,"column":31}},"1034":{"start":{"line":1035,"column":0},"end":{"line":1035,"column":18}},"1035":{"start":{"line":1036,"column":0},"end":{"line":1036,"column":15}},"1036":{"start":{"line":1037,"column":0},"end":{"line":1037,"column":26}},"1037":{"start":{"line":1038,"column":0},"end":{"line":1038,"column":32}},"1038":{"start":{"line":1039,"column":0},"end":{"line":1039,"column":12}},"1039":{"start":{"line":1040,"column":0},"end":{"line":1040,"column":126}},"1040":{"start":{"line":1041,"column":0},"end":{"line":1041,"column":126}},"1041":{"start":{"line":1042,"column":0},"end":{"line":1042,"column":8}},"1042":{"start":{"line":1043,"column":0},"end":{"line":1043,"column":15}},"1043":{"start":{"line":1044,"column":0},"end":{"line":1044,"column":6}},"1044":{"start":{"line":1045,"column":0},"end":{"line":1045,"column":5}},"1045":{"start":{"line":1046,"column":0},"end":{"line":1046,"column":12}},"1046":{"start":{"line":1047,"column":0},"end":{"line":1047,"column":50}},"1047":{"start":{"line":1048,"column":0},"end":{"line":1048,"column":18}},"1048":{"start":{"line":1049,"column":0},"end":{"line":1049,"column":166}},"1049":{"start":{"line":1050,"column":0},"end":{"line":1050,"column":20}},"1050":{"start":{"line":1051,"column":0},"end":{"line":1051,"column":32}},"1051":{"start":{"line":1052,"column":0},"end":{"line":1052,"column":18}},"1052":{"start":{"line":1053,"column":0},"end":{"line":1053,"column":16}},"1053":{"start":{"line":1054,"column":0},"end":{"line":1054,"column":25}},"1054":{"start":{"line":1055,"column":0},"end":{"line":1055,"column":32}},"1055":{"start":{"line":1056,"column":0},"end":{"line":1056,"column":12}},"1056":{"start":{"line":1057,"column":0},"end":{"line":1057,"column":151}},"1057":{"start":{"line":1058,"column":0},"end":{"line":1058,"column":150}},"1058":{"start":{"line":1059,"column":0},"end":{"line":1059,"column":151}},"1059":{"start":{"line":1060,"column":0},"end":{"line":1060,"column":8}},"1060":{"start":{"line":1061,"column":0},"end":{"line":1061,"column":15}},"1061":{"start":{"line":1062,"column":0},"end":{"line":1062,"column":6}},"1062":{"start":{"line":1063,"column":0},"end":{"line":1063,"column":5}},"1063":{"start":{"line":1064,"column":0},"end":{"line":1064,"column":12}},"1064":{"start":{"line":1065,"column":0},"end":{"line":1065,"column":48}},"1065":{"start":{"line":1066,"column":0},"end":{"line":1066,"column":18}},"1066":{"start":{"line":1067,"column":0},"end":{"line":1067,"column":128}},"1067":{"start":{"line":1068,"column":0},"end":{"line":1068,"column":20}},"1068":{"start":{"line":1069,"column":0},"end":{"line":1069,"col
[...]
1451":1,"1452":1,"1453":1,"1454":1,"1455":1,"1456":1,"1457":1,"1458":1,"1459":1,"1460":1,"1461":1,"1462":1,"1463":1,"1464":1,"1465":1,"1466":1,"1467":1,"1468":1,"1469":1,"1470":1,"1471":1,"1472":1,"1473":1,"1474":1,"1475":1,"1476":1,"1477":1,"1478":1,"1479":1,"1480":1,"1481":1,"1482":1,"1483":1,"1484":1,"1485":1,"1486":1,"1487":1,"1488":1,"1489":1,"1490":1,"1491":1,"1492":1,"1493":1,"1494":1,"1495":1,"1496":1,"1497":1,"1498":1,"1499":1,"1500":1,"1501":1,"1502":1,"1503":1,"1504":1,"1505":1,"1506":1,"1507":1,"1508":1,"1509":1,"1510":1,"1511":1,"1512":1,"1513":1,"1514":1,"1515":1,"1516":1,"1517":1,"1518":1,"1519":1,"1520":1,"1521":1,"1522":1,"1523":1,"1524":1,"1525":1,"1526":1,"1527":1,"1528":1,"1529":1,"1530":1,"1531":1,"1532":1,"1533":1,"1534":1,"1535":1,"1536":1,"1537":1,"1538":1,"1539":1,"1540":1,"1541":1,"1542":1,"1543":1,"1544":1,"1545":1,"1546":1,"1547":1,"1548":1,"1549":1,"1550":1,"1551":1,"1552":1,"1553":1,"1554":1,"1555":1,"1556":1,"1557":1,"1558":1,"1559":1,"1560":1,"1561":1,"1562":1,"1563":1,"1564":1,"1565":1,"1566":1,"1567":1,"1568":1,"1569":1,"1570":1,"1571":1,"1572":1,"1573":1,"1574":1,"1575":1,"1576":1,"1577":1,"1578":1,"1579":1,"1580":1,"1581":1,"1582":1,"1583":1,"1584":1,"1585":1,"1586":1,"1587":1,"1588":1,"1589":1,"1590":1,"1591":1,"1592":1,"1593":1,"1594":1,"1595":1,"1596":1,"1597":1,"1598":1,"1599":1,"1600":1,"1601":1,"1602":1,"1603":1,"1604":1,"1605":1,"1606":1,"1607":1,"1608":1,"1609":1,"1610":1,"1611":1,"1612":1,"1613":1,"1614":1,"1615":1,"1616":1,"1617":1,"1618":1,"1619":1,"1620":1,"1621":1,"1622":1,"1623":1,"1624":1,"1625":1,"1626":1,"1627":1,"1628":1,"1629":1,"1630":1,"1631":1,"1632":1,"1633":1,"1634":1,"1635":1,"1636":1,"1637":1,"1638":1,"1639":1,"1640":1,"1641":1,"1642":1,"1643":1,"1644":1,"1645":1,"1646":1,"1647":1,"1648":1,"1649":1,"1650":1,"1651":1,"1652":1,"1653":1,"1654":1,"1655":1,"1656":1,"1657":1,"1658":1,"1659":1,"1660":1,"1661":1,"1662":1,"1663":1,"1664":1,"1665":1,"1666":1,"1667":1,"1668":1,"1669":1,"1670":1,"1671":1,"1672":1,"1673":1,"1674":1,"1675":1,"1676":1,"1677":1,"1678":1,"1679":1,"1680":1,"1681":1,"1682":1,"1683":1,"1684":1,"1685":1,"1686":1,"1687":1,"1688":1,"1689":1,"1690":1,"1691":1,"1692":1,"1693":1,"1694":1,"1695":1,"1696":1,"1697":1,"1698":1,"1699":1,"1700":1,"1701":1,"1702":1,"1703":1,"1704":1,"1705":1,"1706":1,"1707":1,"1708":1,"1709":1,"1710":1,"1711":1,"1712":1,"1713":1,"1714":1,"1715":1,"1716":1,"1717":1,"1718":1,"1719":1,"1720":1,"1721":1,"1722":1,"1723":1,"1724":1,"1725":1,"1726":1,"1727":1,"1728":1,"1729":1,"1730":1,"1731":1,"1732":1,"1733":1,"1734":1,"1735":1,"1736":1,"1737":1,"1738":1,"1739":1,"1740":1,"1741":1,"1742":1,"1743":1,"1744":1,"1745":1,"1746":1,"1747":1,"1748":1,"1749":1,"1750":1,"1751":1,"1752":1,"1753":1,"1754":1,"1755":1,"1756":1,"1757":1,"1758":1,"1759":1,"1760":1,"1761":1,"1762":1,"1763":1,"1764":1,"1765":1,"1766":1,"1767":1,"1768":1,"1769":1,"1770":1,"1771":1,"1772":1,"1773":1,"1774":1,"1775":1,"1776":1,"1777":1,"1778":1,"1779":1,"1780":1,"1781":1,"1782":1,"1783":1,"1784":1,"1785":1,"1786":1,"1787":1,"1788":1,"1789":1,"1790":1,"1791":1,"1792":1,"1793":1,"1794":1,"1795":1,"1796":1,"1797":1,"1798":1,"1799":1,"1800":1,"1801":1,"1802":1,"1803":1,"1804":1,"1805":1,"1806":1,"1807":1,"1808":1,"1809":1,"1810":1,"1811":1,"1812":1,"1813":1,"1814":1,"1815":1,"1816":1,"1817":1,"1818":1,"1819":1,"1820":1,"1821":1,"1822":1,"1823":1,"1824":1,"1825":1,"1826":1,"1827":1,"1828":1,"1829":1,"1830":1,"1831":1,"1832":1,"1833":1,"1834":1,"1835":1,"1836":1,"1837":1,"1838":1,"1839":1,"1840":1,"1841":1,"1842":1,"1843":1,"1844":1,"1845":1,"1846":1,"1847":1,"1848":1,"1849":1,"1850":1,"1851":1,"1852":1,"1853":1,"1854":1,"1855":1,"1856":1,"1857":1,"1858":1,"1859":1,"1860":1,"1861":1,"1862":1,"1863":1,"1864":1,"1865":1,"1866":1,"1867":1,"1868":1,"1869":1,"1870":1,"1871":1,"1872":1,"1873":1,"1874":1,"1875":1,"1876":1,"1877":1,"1878":1,"1879":1,"1880":1,"1881":1,"1882":1,"1883":1,"1884":1,"1885":1,"1886":1,"1887":1,"1888":1,"1889":1,"1890":1,"1891":1,"1892":1,"1893":1,"1894":1,"1895":1,"1896":1,"1897":1,"1898":1,"1899":1,"1900":1,"1901":1,"1902":1,"1903":1,"1904":1,"1905":1,"1906":1,"1907":1,"1908":1,"1909":1,"1910":1,"1911":1,"1912":1,"1913":1,"1914":1,"1915":1,"1916":1,"1917":1,"1918":1,"1919":1,"1920":1,"1921":1,"1922":1,"1923":1,"1924":1,"1925":1,"1926":1,"1927":1,"1928":1,"1929":1,"1930":1,"1931":1,"1932":1,"1933":1,"1934":1,"1935":1,"1936":1,"1937":1,"1938":1,"1939":1,"1940":1,"1941":1,"1942":1,"1943":1,"1944":1,"1945":1,"1946":1,"1947":1,"1948":1,"1949":1,"1950":1,"1951":1,"1952":1,"1953":1,"1954":1,"1955":1,"1956":1,"1957":1,"1958":1,"1959":1,"1960":1,"1961":1,"1962":1,"1963":1,"1964":1,"1965":1,"1966":1,"1967":1,"1968":1,"1969":1,"1970":1,"1971":1,"1972":1,"1973":1,"1974":1,"1975":1,"1976":1,"1977":1,"1978":1,"1979":1,"1980":1,"1981":1,"1982":1,"1983":1,"1984":1,"1985":1,"1986":1,"1987":1,"1988":1,"1989":1,"1990":1,"1991":1,"1992":1,"1993":1,"1994":1,"1995":1,"1996":1,"1997":1,"1998":1,"1999":1,"2000":1,"2001":1,"2002":1,"2003":1,"2004":1,"2005":1,"2006":1,"2007":1,"2008":1,"2009":1,"2010":1,"2011":1,"2012":1,"2013":1,"2014":1,"2015":1,"2016":1,"2017":1,"2018":1,"2019":1,"2020":1,"2021":1,"2022":1,"2023":1,"2024":1,"2025":1,"2026":1,"2027":1,"2028":1,"2029":1,"2030":1,"2031":1,"2032":1,"2033":1,"2034":1,"2035":1,"2036":1,"2037":1,"2038":1,"2039":1,"2040":1,"2041":1,"2042":1,"2043":1,"2044":1,"2045":1,"2046":1,"2047":1,"2048":1,"2049":1,"2050":1,"2051":1,"2052":1,"2053":1,"2054":1,"2055":1,"2056":1,"2057":1,"2058":1,"2059":1,"2060":1,"2061":1,"2062":1,"2063":1,"2064":1,"2065":1,"2066":1,"2067":1,"2068":1,"2069":1,"2070":1,"2071":1,"2072":1,"2073":1,"2074":1,"2075":1,"2076":1,"2077":1,"2078":1,"2079":1,"2080":1,"2081":1,"2082":1,"2083":1,"2084":1,"2085":1,"2086":1,"2087":1,"2088":1,"2089":1,"2090":1,"2091":1,"2092":1,"2093":1,"2094":1,"2095":1,"2096":1,"2097":1,"2098":1,"2099":1,"2100":1,"2101":1,"2102":1,"2103":1,"2104":1,"2105":1,"2106":1,"2107":1,"2108":1,"2109":1,"2110":1,"2111":1,"2112":1,"2113":1,"2114":1,"2115":1,"2116":1,"2117":1,"2118":1,"2119":1,"2120":1,"2121":1,"2122":1,"2123":1,"2124":1,"2125":1,"2126":1,"2127":1,"2128":1,"2129":1,"2130":1,"2131":1,"2132":1,"2133":1,"2134":1,"2135":1,"2136":1,"2137":1,"2138":1,"2139":1,"2140":1,"2141":1,"2142":1,"2143":1,"2144":1,"2145":1,"2146":1,"2147":1,"2148":1,"2149":1,"2150":1,"2151":1,"2152":1,"2153":1,"2154":1,"2155":1,"2156":1,"2157":1,"2158":1,"2159":1,"2160":1,"2161":1,"2162":1,"2163":1,"2164":1,"2165":1,"2166":1,"2167":1,"2168":1,"2169":1,"2170":1,"2171":1,"2172":1,"2173":1,"2174":1,"2175":1,"2176":1,"2177":1,"2178":1,"2179":1,"2180":1,"2181":1,"2182":1,"2183":1,"2184":1,"2185":1,"2186":1,"2187":1,"2188":1,"2189":1,"2190":1,"2191":1,"2192":1,"2193":1,"2194":1,"2195":1,"2196":1,"2197":1,"2198":1,"2199":1,"2200":1,"2201":1,"2202":1,"2203":1,"2204":1,"2205":1,"2206":1,"2207":1,"2208":1,"2209":1,"2210":1,"2211":1,"2212":1,"2213":1,"2214":1,"2215":1,"2216":1,"2217":1,"2218":1,"2219":1,"2220":1,"2221":1,"2222":1,"2223":1,"2224":1,"2225":1,"2226":1,"2227":1,"2228":1,"2229":1,"2230":1,"2231":1,"2232":1,"2233":1,"2234":1,"2235":1,"2236":1,"2237":1,"2238":1,"2239":1,"2240":1,"2241":1,"2242":1,"2243":1,"2244":1,"2245":1,"2246":1,"2247":1,"2248":1,"2249":1,"2250":1,"2251":1,"2252":1,"2253":1,"2254":1,"2255":1,"2256":1,"2257":1,"2258":1,"2259":1,"2260":1,"2261":1,"2262":1,"2263":1,"2264":1,"2265":1,"2266":1,"2267":1,"2268":1,"2269":1,"2270":1,"2271":1,"2272":1,"2273":1,"2274":1,"2275":1,"2276":1,"2277":1,"2278":1,"2279":1,"2280":1,"2281":1,"2282":1,"2283":1,"2284":1,"2285":1,"2286":1,"2287":1,"2288":1,"2289":1,"2290":1,"2291":1,"2292":1,"2293":1,"2294":1,"2295":1,"2296":1,"2297":1,"2298":1,"2299":1,"2300":1,"2301":1,"2302":1,"2303":1,"2304":1,"2305":1,"2306":1,"2307":1,"2308":1,"2309":1,"2310":1,"2311":1,"2312":1,"2313":1,"2314":1,"2315":1,"2316":1,"2317":1,"2318":1,"2319":1,"2320":1,"2321":1,"2322":1,"2323":1,"2324":1,"2325":1,"2326":1,"2327":1,"2328":1,"2329":1,"2330":1,"2331":1,"2332":1,"2333":1,"2334":1,"2335":1,"2336":1,"2337":1,"2338":1,"2339":1,"2340":1,"2341":1,"2342":1,"2343":1,"2344":1,"2345":1,"2346":1,"2347":1,"2348":1,"2349":1,"2350":1,"2351":1,"2352":1,"2353":1,"2354":1,"2355":1,"2356":1,"2357":1,"2358":1,"2359":1,"2360":1,"2361":1,"2362":1,"2363":1},"branchMap":{},"b":{},"fnMap":{"0":{"name":"get","decl":{"start":{"line":2364,"column":48},"end":{"line":2364,"column":59}},"loc":{"start":{"line":2364,"column":48},"end":{"line":2364,"column":59}},"line":2364}},"f":{"0":0}}
,"/Users/mahnach04icloud.com/Desktop/components/ComponentsReact/components/src/components/cardList.tsx": {"path":"/Users/mahnach04icloud.com/Desktop/components/ComponentsReact/components/src/components/cardList.tsx","all":false,"statementMap":{"0":{"start":{"line":1,"column":0},"end":{"line":1,"column":26}},"1":{"start":{"line":2,"column":0},"end":{"line":2,"column":47}},"2":{"start":{"line":3,"column":0},"end":{"line":3,"column":42}},"3":{"start":{"line":4,"column":0},"end":{"line":4,"column":0}},"4":{"start":{"line":5,"column":0},"end":{"line":5,"column":31}},"5":{"start":{"line":6,"column":0},"end":{"line":6,"column":10}},"6":{"start":{"line":7,"column":0},"end":{"line":7,"column":32}},"7":{"start":{"line":8,"column":0},"end":{"line":8,"column":33}},"8":{"start":{"line":9,"column":0},"end":{"line":9,"column":36}},"9":{"start":{"line":10,"column":0},"end":{"line":10,"column":9}},"10":{"start":{"line":11,"column":0},"end":{"line":11,"column":10}},"11":{"start":{"line":12,"column":0},"end":{"line":12,"column":4}},"12":{"start":{"line":13,"column":0},"end":{"line":13,"column":2}}},"s":{"0":1,"1":1,"2":1,"3":1,"4":1,"5":4,"6":4,"7":4,"8":480,"9":4,"10":4,"11":4,"12":3},"branchMap":{"0":{"type":"branch","line":5,"loc":{"start":{"line":5,"column":24},"end":{"line":13,"column":2}},"locations":[{"start":{"line":5,"column":24},"end":{"line":13,"column":2}}]},"1":{"type":"branch","line":8,"loc":{"start":{"line":8,"column":24},"end":{"line":9,"column":36}},"locations":[{"start":{"line":8,"column":24},"end":{"line":9,"column":36}}]},"2":{"type":"branch","line":13,"loc":{"start":{"line":13,"column":0},"end":{"line":13,"column":2}},"locations":[{"start":{"line":13,"column":0},"end":{"line":13,"column":2}}]}},"b":{"0":[4],"1":[480],"2":[3]},"fnMap":{"0":{"name":"CardList","decl":{"start":{"line":5,"column":24},"end":{"line":13,"column":2}},"loc":{"start":{"line":5,"column":24},"end":{"line":13,"column":2}},"line":5},"1":{"name":"get","decl":{"start":{"line":13,"column":0},"end":{"line":13,"column":2}},"loc":{"start":{"line":13,"column":0},"end":{"line":13,"column":2}},"line":13}},"f":{"0":4,"1":3}}
,"/Users/mahnach04icloud.com/Desktop/components/ComponentsReact/components/src/components/UI element/card/Card.tsx": {"path":"/Users/mahnach04icloud.com/Desktop/components/ComponentsReact/components/src/components/UI element/card/Card.tsx","all":false,"statementMap":{"0":{"start":{"line":1,"column":0},"end":{"line":1,"column":26}},"1":{"start":{"line":2,"column":0},"end":{"line":2,"column":39}},"2":{"start":{"line":3,"column":0},"end":{"line":3,"column":53}},"3":{"start":{"line":4,"column":0},"end":{"line":4,"column":0}},"4":{"start":{"line":5,"column":0},"end":{"line":5,"column":65}},"5":{"start":{"line":6,"column":0},"end":{"line":6,"column":12}},"6":{"start":{"line":7,"column":0},"end":{"line":7,"column":37}},"7":{"start":{"line":8,"column":0},"end":{"line":8,"column":12}},"8":{"start":{"line":9,"column":0},"end":{"line":9,"column":61}},"9":{"start":{"line":10,"column":0},"end":{"line":10,"column":45}},"10":{"start":{"line":11,"column":0},"end":{"line":11,"column":82}},"11":{"start":{"line":12,"column":0},"end":{"line":12,"column":14}},"12":{"start":{"line":13,"column":0},"end":{"line":13,"column":43}},"13":{"start":{"line":14,"column":0},"end":{"line":14,"column":76}},"14":{"start":{"line":15,"column":0},"end":{"line":15,"column":69}},"15":{"start":{"line":16,"column":0},"end":{"line":16,"column":70}},"16":{"start":{"line":17,"column":0},"end":{"line":17,"column":70}},"17":{"start":{"line":18,"column":0},"end":{"line":18,"column":14}},"18":{"start":{"line":19,"column":0},"end":{"line":19,"column":12}},"19":{"start":{"line":20,"column":0},"end":{"line":20,"column":6}},"20":{"start":{"line":21,"column":0},"end":{"line":21,"column":3}},"21":{"start":{"line":22,"column":0},"end":{"line":22,"column":1}},"22":{"start":{"line":23,"column":0},"end":{"line":23,"column":20}}},"s":{"0":1,"1":1,"2":1,"3":1,"4":1,"5":1,"6":361,"7":361,"8":361,"9":361,"10":361,"11":361,"12":361,"13":361,"14":361,"15":361,"16":361,"17":361,"18":361,"19":361,"20":361,"21":1,"22":1},"branchMap":{"0":{"type":"branch","line":6,"loc":{"start":{"line":6,"column":2},"end":{"line":21,"column":3}},"locations":[{"start":{"line":6,"column":2},"end":{"line":21,"column":3}}]}},"b":{"0":[361]},"fnMap":{"0":{"name":"render","decl":{"start":{"line":6,"column":2},"end":{"line":21,"column":3}},"loc":{"start":{"line":6,"column":2},"end":{"line":21,"column":3}},"line":6}},"f":{"0":361}}
,"/Users/mahnach04icloud.com/Desktop/components/ComponentsReact/components/src/components/UI element/input/MySearch.tsx": {"path":"/Users/mahnach04icloud.com/Desktop/components/ComponentsReact/components/src/components/UI element/input/MySearch.tsx","all":false,"statementMap":{"0":{"start":{"line":1,"column":0},"end":{"line":1,"column":48}},"1":{"start":{"line":2,"column":0},"end":{"line":2,"column":42}},"2":{"start":{"line":3,"column":0},"end":{"line":3,"column":47}},"3":{"start":{"line":4,"column":0},"end":{"line":4,"column":0}},"4":{"start":{"line":5,"column":0},"end":{"line":5,"column":62}},"5":{"start":{"line":6,"column":0},"end":{"line":6,"column":36}},"6":{"start":{"line":7,"column":0},"end":{"line":7,"column":17}},"7":{"start":{"line":8,"column":0},"end":{"line":8,"column":3}},"8":{"start":{"line":9,"column":0},"end":{"line":9,"column":0}},"9":{"start":{"line":10,"column":0},"end":{"line":10,"column":32}},"10":{"start":{"line":11,"column":0},"end":{"line":11,"column":53}},"11":{"start":{"line":12,"column":0},"end":{"line":12,"column":48}},"12":{"start":{"line":13,"column":0},"end":{"line":13,"column":3}},"13":{"start":{"line":14,"column":0},"end":{"line":14,"column":0}},"14":{"start":{"line":15,"column":0},"end":{"line":15,"column":26}},"15":{"start":{"line":16,"column":0},"end":{"line":16,"column":28}},"16":{"start":{"line":17,"column":0},"end":{"line":17,"column":0}},"17":{"start":{"line":18,"column":0},"end":{"line":18,"column":35}},"18":{"start":{"line":19,"column":0},"end":{"line":19,"column":58}},"19":{"start":{"line":20,"column":0},"end":{"line":20,"column":3}},"20":{"start":{"line":21,"column":0},"end":{"line":21,"column":0}},"21":{"start":{"line":22,"column":0},"end":{"line":22,"column":23}},"22":{"start":{"line":23,"column":0},"end":{"line":23,"column":54}},"23":{"start":{"line":24,"column":0},"end":{"line":24,"column":0}},"24":{"start":{"line":25,"column":0},"end":{"line":25,"column":23}},"25":{"start":{"line":26,"column":0},"end":{"line":26,"column":0}},"26":{"start":{"line":27,"column":0},"end":{"line":27,"column":40}},"27":{"start":{"line":28,"column":0},"end":{"line":28,"column":3}},"28":{"start":{"line":29,"column":0},"end":{"line":29,"column":0}},"29":{"start":{"line":30,"column":0},"end":{"line":30,"column":12}},"30":{"start":{"line":31,"column":0},"end":{"line":31,"column":12}},"31":{"start":{"line":32,"column":0},"end":{"line":32,"column":30}},"32":{"start":{"line":33,"column":0},"end":{"line":33,"column":14}},"33":{"start":{"line":34,"column":0},"end":{"line":34,"column":36}},"34":{"start":{"line":35,"column":0},"end":{"line":35,"column":25}},"35":{"start":{"line":36,"column":0},"end":{"line":36,"column":28}},"36":{"start":{"line":37,"column":0},"end":{"line":37,"column":33}},"37":{"start":{"line":38,"column":0},"end":{"line":38,"column":12}},"38":{"start":{"line":39,"column":0},"end":{"line":39,"column":52}},"39":{"start":{"line":40,"column":0},"end":{"line":40,"column":10}},"40":{"start":{"line":41,"column":0},"end":{"line":41,"column":12}},"41":{"start":{"line":42,"column":0},"end":{"line":42,"column":6}},"42":{"start":{"line":43,"column":0},"end":{"line":43,"column":3}},"43":{"start":{"line":44,"column":0},"end":{"line":44,"column":1}},"44":{"start":{"line":45,"column":0},"end":{"line":45,"column":0}},"45":{"start":{"line":46,"column":0},"end":{"line":46,"column":24}}},"s":{"0":1,"1":1,"2":1,"3":1,"4":1,"5":1,"6":5,"7":5,"8":1,"9":1,"10":9,"11":9,"12":9,"13":1,"14":1,"15":5,"16":3,"17":3,"18":3,"19":5,"20":1,"21":1,"22":5,"23":5,"24":5,"25":2,"26":2,"27":5,"28":1,"29":1,"30":16,"31":16,"32":16,"33":16,"34":16,"35":16,"36":9,"37":9,"38":16,"39":16,"40":16,"41":16,"42":16,"43":1,"44":1,"45":1},"branchMap":{"0":{"type":"branch","line":6,"loc":{"start":{"line":6,"column":2},"end":{"line":8,"column":3}},"locations":[{"start":{"line":6,"column":2},"end":{"line":8,"column":3}}]},"1":{"type":"branch","line":10,"loc":{"start":{"line":10,"column":2},"end":{"line":13,"column":3}},"locations":[{"start":{"line":10,"column":2},"end":{"line":13,"column":3}}]},"2":{"type":"branch","line":15,"loc":{"start":{"line":15,"column":2},"end":{"line":20,"column":3}},"locations":[{"start":{"line":15,"column":2},"end":{"line":20,"column":3}}]},"3":{"type":"branch","line":16,"loc":{"start":{"line":16,"column":21},"end":{"line":16,"column":28}},"locations":[{"start":{"line":16,"column":21},"end":{"line":16,"column":28}}]},"4":{"type":"branch","line":16,"loc":{"start":{"line":16,"column":21},"end":{"line":19,"column":58}},"locations":[{"start":{"line":16,"column":21},"end":{"line":19,"column":58}}]},"5":{"type":"branch","line":22,"loc":{"start":{"line":22,"column":2},"end":{"line":28,"column":3}},"locations":[{"start":{"line":22,"column":2},"end":{"line":28,"column":3}}]},"6":{"type":"branch","line":25,"loc":{"start":{"line":25,"column":16},"end":{"line":27,"column":40}},"locations":[{"start":{"line":25,"column":16},"end":{"line":27,"column":40}}]},"7":{"type":"branch","line":25,"loc":{"start":{"line":25,"column":16},"end":{"line":27,"column":40}},"locations":[{"start":{"line":25,"column":16},"end":{"line":27,"column":40}}]},"8":{"type":"branch","line":30,"loc":{"start":{"line":30,"column":2},"end":{"line":43,"column":3}},"locations":[{"start":{"line":30,"column":2},"end":{"line":43,"column":3}}]},"9":{"type":"branch","line":39,"loc":{"start":{"line":39,"column":22},"end":{"line":39,"column":49}},"locations":[{"start":{"line":39,"column":22},"end":{"line":39,"column":49}}]},"10":{"type":"branch","line":39,"loc":{"start":{"line":39,"column":41},"end":{"line":39,"column":52}},"locations":[{"start":{"line":39,"column":41},"end":{"line":39,"column":52}}]},"11":{"type":"branch","line":36,"loc":{"start":{"line":36,"column":20},"end":{"line":38,"column":12}},"locations":[{"start":{"line":36,"column":20},"end":{"line":38,"column":12}}]}},"b":{"0":[5],"1":[9],"2":[5],"3":[2],"4":[3],"5":[5],"6":[3],"7":[2],"8":[16],"9":[11],"10":[5],"11":[9]},"fnMap":{"0":{"name":"MySearch","decl":{"start":{"line":6,"column":2},"end":{"line":8,"column":3}},"loc":{"start":{"line":6,"column":2},"end":{"line":8,"column":3}},"line":6},"1":{"name":"handleChange","decl":{"start":{"line":10,"column":2},"end":{"line":13,"column":3}},"loc":{"start":{"line":10,"column":2},"end":{"line":13,"column":3}},"line":10},"2":{"name":"componentWillUnmount","decl":{"start":{"line":15,"column":2},"end":{"line":20,"column":3}},"loc":{"start":{"line":15,"column":2},"end":{"line":20,"column":3}},"line":15},"3":{"name":"componentDidMount","decl":{"start":{"line":22,"column":2},"end":{"line":28,"column":3}},"loc":{"start":{"line":22,"column":2},"end":{"line":28,"column":3}},"line":22},"4":{"name":"render","decl":{"start":{"line":30,"column":2},"end":{"line":43,"column":3}},"loc":{"start":{"line":30,"column":2},"end":{"line":43,"column":3}},"line":30},"5":{"name":"onChange","decl":{"start":{"line":36,"column":20},"end":{"line":38,"column":12}},"loc":{"start":{"line":36,"column":20},"end":{"line":38,"column":12}},"line":36}},"f":{"0":5,"1":9,"2":5,"3":5,"4":16,"5":9}}
}
