{"/Users/mahnach04icloud.com/Desktop/components/ComponentsReact/components/src/about.tsx": {"path":"/Users/mahnach04icloud.com/Desktop/components/ComponentsReact/components/src/about.tsx","all":false,"statementMap":{"0":{"start":{"line":1,"column":0},"end":{"line":1,"column":26}},"1":{"start":{"line":2,"column":0},"end":{"line":2,"column":18}},"2":{"start":{"line":3,"column":0},"end":{"line":3,"column":12}},"3":{"start":{"line":4,"column":0},"end":{"line":4,"column":10}},"4":{"start":{"line":5,"column":0},"end":{"line":5,"column":26}},"5":{"start":{"line":6,"column":0},"end":{"line":6,"column":18}},"6":{"start":{"line":7,"column":0},"end":{"line":7,"column":15}},"7":{"start":{"line":8,"column":0},"end":{"line":8,"column":70}},"8":{"start":{"line":9,"column":0},"end":{"line":9,"column":16}},"9":{"start":{"line":10,"column":0},"end":{"line":10,"column":11}},"10":{"start":{"line":11,"column":0},"end":{"line":11,"column":0}},"11":{"start":{"line":12,"column":0},"end":{"line":12,"column":5}},"12":{"start":{"line":13,"column":0},"end":{"line":13,"column":1}},"13":{"start":{"line":14,"column":0},"end":{"line":14,"column":21}}},"s":{"0":1,"1":1,"2":1,"3":1,"4":1,"5":1,"6":1,"7":1,"8":1,"9":1,"10":1,"11":1,"12":1,"13":1},"branchMap":{"0":{"type":"branch","line":2,"loc":{"start":{"line":2,"column":0},"end":{"line":13,"column":1}},"locations":[{"start":{"line":2,"column":0},"end":{"line":13,"column":1}}]}},"b":{"0":[1]},"fnMap":{"0":{"name":"About","decl":{"start":{"line":2,"column":0},"end":{"line":13,"column":1}},"loc":{"start":{"line":2,"column":0},"end":{"line":13,"column":1}},"line":2}},"f":{"0":1}}
,"/Users/mahnach04icloud.com/Desktop/components/ComponentsReact/components/src/mainPage.tsx": {"path":"/Users/mahnach04icloud.com/Desktop/components/ComponentsReact/components/src/mainPage.tsx","all":false,"statementMap":{"0":{"start":{"line":1,"column":0},"end":{"line":1,"column":26}},"1":{"start":{"line":2,"column":0},"end":{"line":2,"column":62}},"2":{"start":{"line":3,"column":0},"end":{"line":3,"column":49}},"3":{"start":{"line":4,"column":0},"end":{"line":4,"column":24}},"4":{"start":{"line":5,"column":0},"end":{"line":5,"column":70}},"5":{"start":{"line":6,"column":0},"end":{"line":6,"column":0}},"6":{"start":{"line":7,"column":0},"end":{"line":7,"column":43}},"7":{"start":{"line":8,"column":0},"end":{"line":8,"column":79}},"8":{"start":{"line":9,"column":0},"end":{"line":9,"column":14}},"9":{"start":{"line":10,"column":0},"end":{"line":10,"column":16}},"10":{"start":{"line":11,"column":0},"end":{"line":11,"column":14}},"11":{"start":{"line":12,"column":0},"end":{"line":12,"column":43}},"12":{"start":{"line":13,"column":0},"end":{"line":13,"column":28}},"13":{"start":{"line":14,"column":0},"end":{"line":14,"column":15}},"14":{"start":{"line":15,"column":0},"end":{"line":15,"column":10}},"15":{"start":{"line":16,"column":0},"end":{"line":16,"column":5}},"16":{"start":{"line":17,"column":0},"end":{"line":17,"column":1}}},"s":{"0":1,"1":1,"2":1,"3":1,"4":1,"5":1,"6":1,"7":1,"8":1,"9":1,"10":1,"11":1,"12":1,"13":1,"14":1,"15":1,"16":1},"branchMap":{"0":{"type":"branch","line":7,"loc":{"start":{"line":7,"column":7},"end":{"line":17,"column":1}},"locations":[{"start":{"line":7,"column":7},"end":{"line":17,"column":1}}]},"1":{"type":"branch","line":9,"loc":{"start":{"line":9,"column":4},"end":{"line":16,"column":5}},"locations":[{"start":{"line":9,"column":4},"end":{"line":16,"column":5}}]},"2":{"type":"branch","line":17,"loc":{"start":{"line":17,"column":0},"end":{"line":17,"column":1}},"locations":[{"start":{"line":17,"column":0},"end":{"line":17,"column":1}}]}},"b":{"0":[1],"1":[1],"2":[1]},"fnMap":{"0":{"name":"<instance_members_initializer>","decl":{"start":{"line":7,"column":7},"end":{"line":17,"column":1}},"loc":{"start":{"line":7,"column":7},"end":{"line":17,"column":1}},"line":7},"1":{"name":"render","decl":{"start":{"line":9,"column":4},"end":{"line":16,"column":5}},"loc":{"start":{"line":9,"column":4},"end":{"line":16,"column":5}},"line":9},"2":{"name":"get","decl":{"start":{"line":17,"column":0},"end":{"line":17,"column":1}},"loc":{"start":{"line":17,"column":0},"end":{"line":17,"column":1}},"line":17}},"f":{"0":1,"1":1,"2":1}}
,"/Users/mahnach04icloud.com/Desktop/components/ComponentsReact/components/src/assets/data/furnitur.ts": {"path":"/Users/mahnach04icloud.com/Desktop/components/ComponentsReact/components/src/assets/data/furnitur.ts","all":false,"statementMap":{"0":{"start":{"line":1,"column":0},"end":{"line":1,"column":218}},"1":{"start":{"line":2,"column":0},"end":{"line":2,"column":0}},"2":{"start":{"line":3,"column":0},"end":{"line":3,"column":28}},"3":{"start":{"line":4,"column":0},"end":{"line":4,"column":11}},"4":{"start":{"line":5,"column":0},"end":{"line":5,"column":5}},"5":{"start":{"line":6,"column":0},"end":{"line":6,"column":622}},"6":{"start":{"line":7,"column":0},"end":{"line":7,"column":722}},"7":{"start":{"line":8,"column":0},"end":{"line":8,"column":750}},"8":{"start":{"line":9,"column":0},"end":{"line":9,"column":666}},"9":{"start":{"line":10,"column":0},"end":{"line":10,"column":651}},"10":{"start":{"line":11,"column":0},"end":{"line":11,"column":775}},"11":{"start":{"line":12,"column":0},"end":{"line":12,"column":6}},"12":{"start":{"line":13,"column":0},"end":{"line":13,"column":15}},"13":{"start":{"line":14,"column":0},"end":{"line":14,"column":5}},"14":{"start":{"line":15,"column":0},"end":{"line":15,"column":701}},"15":{"start":{"line":16,"column":0},"end":{"line":16,"column":902}},"16":{"start":{"line":17,"column":0},"end":{"line":17,"column":842}},"17":{"start":{"line":18,"column":0},"end":{"line":18,"column":893}},"18":{"start":{"line":19,"column":0},"end":{"line":19,"column":781}},"19":{"start":{"line":20,"column":0},"end":{"line":20,"column":727}},"20":{"start":{"line":21,"column":0},"end":{"line":21,"column":6}},"21":{"start":{"line":22,"column":0},"end":{"line":22,"column":13}},"22":{"start":{"line":23,"column":0},"end":{"line":23,"column":5}},"23":{"start":{"line":24,"column":0},"end":{"line":24,"column":747}},"24":{"start":{"line":25,"column":0},"end":{"line":25,"column":663}},"25":{"start":{"line":26,"column":0},"end":{"line":26,"column":848}},"26":{"start":{"line":27,"column":0},"end":{"line":27,"column":914}},"27":{"start":{"line":28,"column":0},"end":{"line":28,"column":730}},"28":{"start":{"line":29,"column":0},"end":{"line":29,"column":816}},"29":{"start":{"line":30,"column":0},"end":{"line":30,"column":6}},"30":{"start":{"line":31,"column":0},"end":{"line":31,"column":15}},"31":{"start":{"line":32,"column":0},"end":{"line":32,"column":5}},"32":{"start":{"line":33,"column":0},"end":{"line":33,"column":595}},"33":{"start":{"line":34,"column":0},"end":{"line":34,"column":734}},"34":{"start":{"line":35,"column":0},"end":{"line":35,"column":711}},"35":{"start":{"line":36,"column":0},"end":{"line":36,"column":788}},"36":{"start":{"line":37,"column":0},"end":{"line":37,"column":734}},"37":{"start":{"line":38,"column":0},"end":{"line":38,"column":607}},"38":{"start":{"line":39,"column":0},"end":{"line":39,"column":6}},"39":{"start":{"line":40,"column":0},"end":{"line":40,"column":21}},"40":{"start":{"line":41,"column":0},"end":{"line":41,"column":5}},"41":{"start":{"line":42,"column":0},"end":{"line":42,"column":672}},"42":{"start":{"line":43,"column":0},"end":{"line":43,"column":748}},"43":{"start":{"line":44,"column":0},"end":{"line":44,"column":702}},"44":{"start":{"line":45,"column":0},"end":{"line":45,"column":636}},"45":{"start":{"line":46,"column":0},"end":{"line":46,"column":705}},"46":{"start":{"line":47,"column":0},"end":{"line":47,"column":747}},"47":{"start":{"line":48,"column":0},"end":{"line":48,"column":6}},"48":{"start":{"line":49,"column":0},"end":{"line":49,"column":12}},"49":{"start":{"line":50,"column":0},"end":{"line":50,"column":5}},"50":{"start":{"line":51,"column":0},"end":{"line":51,"column":584}},"51":{"start":{"line":52,"column":0},"end":{"line":52,"column":763}},"52":{"start":{"line":53,"column":0},"end":{"line":53,"column":525}},"53":{"start":{"line":54,"column":0},"end":{"line":54,"column":826}},"54":{"start":{"line":55,"column":0},"end":{"line":55,"column":815}},"55":{"start":{"line":56,"column":0},"end":{"line":56,"column":863}},"56":{"start":{"line":57,"column":0},"end":{"line":57,"column":6}},"57":{"start":{"line":58,"column":0},"end":{"line":58,"column":13}},"58":{"start":{"line":59,"column":0},"end":{"line":59,"column":5}},"59":{"start":{"line":60,"column":0},"end":{"line":60,"column":712}},"60":{"start":{"line":61,"column":0},"end":{"line":61,"column":736}},"61":{"start":{"line":62,"column":0},"end":{"line":62,"column":761}},"62":{"start":{"line":63,"column":0},"end":{"line":63,"column":818}},"63":{"start":{"line":64,"column":0},"end":{"line":64,"column":595}},"64":{"start":{"line":65,"column":0},"end":{"line":65,"column":664}},"65":{"start":{"line":66,"column":0},"end":{"line":66,"column":6}},"66":{"start":{"line":67,"column":0},"end":{"line":67,"column":16}},"67":{"start":{"line":68,"column":0},"end":{"line":68,"column":5}},"68":{"start":{"line":69,"column":0},"end":{"line":69,"column":803}},"69":{"start":{"line":70,"column":0},"end":{"line":70,"column":623}},"70":{"start":{"line":71,"column":0},"end":{"line":71,"column":649}},"71":{"start":{"line":72,"column":0},"end":{"line":72,"column":842}},"72":{"start":{"line":73,"column":0},"end":{"line":73,"column":667}},"73":{"start":{"line":74,"column":0},"end":{"line":74,"column":800}},"74":{"start":{"line":75,"column":0},"end":{"line":75,"column":6}},"75":{"start":{"line":76,"column":0},"end":{"line":76,"column":25}},"76":{"start":{"line":77,"column":0},"end":{"line":77,"column":5}},"77":{"start":{"line":78,"column":0},"end":{"line":78,"column":487}},"78":{"start":{"line":79,"column":0},"end":{"line":79,"column":658}},"79":{"start":{"line":80,"column":0},"end":{"line":80,"column":874}},"80":{"start":{"line":81,"column":0},"end":{"line":81,"column":800}},"81":{"start":{"line":82,"column":0},"end":{"line":82,"column":698}},"82":{"start":{"line":83,"column":0},"end":{"line":83,"column":752}},"83":{"start":{"line":84,"column":0},"end":{"line":84,"column":6}},"84":{"start":{"line":85,"column":0},"end":{"line":85,"column":20}},"85":{"start":{"line":86,"column":0},"end":{"line":86,"column":5}},"86":{"start":{"line":87,"column":0},"end":{"line":87,"column":584}},"87":{"start":{"line":88,"column":0},"end":{"line":88,"column":724}},"88":{"start":{"line":89,"column":0},"end":{"line":89,"column":671}},"89":{"start":{"line":90,"column":0},"end":{"line":90,"column":796}},"90":{"start":{"line":91,"column":0},"end":{"line":91,"column":596}},"91":{"start":{"line":92,"column":0},"end":{"line":92,"column":839}},"92":{"start":{"line":93,"column":0},"end":{"line":93,"column":6}},"93":{"start":{"line":94,"column":0},"end":{"line":94,"column":22}},"94":{"start":{"line":95,"column":0},"end":{"line":95,"column":5}},"95":{"start":{"line":96,"column":0},"end":{"line":96,"column":732}},"96":{"start":{"line":97,"column":0},"end":{"line":97,"column":693}},"97":{"start":{"line":98,"column":0},"end":{"line":98,"column":758}},"98":{"start":{"line":99,"column":0},"end":{"line":99,"column":713}},"99":{"start":{"line":100,"column":0},"end":{"line":100,"column":601}},"100":{"start":{"line":101,"column":0},"end":{"line":101,"column":668}},"101":{"start":{"line":102,"column":0},"end":{"line":102,"column":6}},"102":{"start":{"line":103,"column":0},"end":{"line":103,"column":16}},"103":{"start":{"line":104,"column":0},"end":{"line":104,"column":5}},"104":{"start":{"line":105,"column":0},"end":{"line":105,"column":835}},"105":{"start":{"line":106,"column":0},"end":{"line":106,"column":824}},"106":{"start":{"line":107,"column":0},"end":{"line":107,"column":528}},"107":{"start":{"line":108,"column":0},"end":{"line":108,"column":877}},"108":{"start":{"line":109,"column":0},"end":{"line":109,"column":628}},"109":{"start":{"line":110,"column":0},"end":{"line":110,"column":715}},"110":{"start":{"line":111,"column":0},"end":{"line":111,"column":6}},"111":{"start":{"line":112,"column":0},"end":{"line":112,"column":14}},"112":{"start":{"line":113,"column":0},"end":{"line":113,"column":5}},"113":{"start":{"line":114,"column":0},"end":{"line":114,"column":760}},"114":{"start":{"line":115,"column":0},"end":{"line":115,"column":803}},"115":{"start":{"line":116,"column":0},"end":{"line":116,"column":744}},"116":{"start":{"line":117,"column":0},"end":{"line":117,"column":729}},"117":{"start":{"line":118,"column":0},"end":{"line":118,"column":768}},"118":{"start":{"line":119,"column":0},"end":{"line":119,"column":846}},"119":{"start":{"line":120,"column":0},"end":{"line":120,"column":6}},"120":{"start":{"line":121,"column":0},"end":{"line":121,"column":16}},"121":{"start":{"line":122,"column":0},"end":{"line":122,"column":5}},"122":{"start":{"line":123,"column":0},"end":{"line":123,"column":666}},"123":{"start":{"line":124,"column":0},"end":{"line":124,"column":787}},"124":{"start":{"line":125,"column":0},"end":{"line":125,"column":605}},"125":{"start":{"line":126,"column":0},"end":{"line":126,"column":749}},"126":{"start":{"line":127,"column":0},"end":{"line":127,"column":748}},"127":{"start":{"line":128,"column":0},"end":{"line":128,"column":775}},"128":{"start":{"line":129,"column":0},"end":{"line":129,"column":6}},"129":{"start":{"line":130,"column":0},"end":{"line":130,"column":24}},"130":{"start":{"line":131,"column":0},"end":{"line":131,"column":5}},"131":{"start":{"line":132,"column":0},"end":{"line":132,"column":771}},"132":{"start":{"line":133,"column":0},"end":{"line":133,"column":688}},"133":{"start":{"line":134,"column":0},"end":{"line":134,"column":674}},"134":{"start":{"line":135,"column":0},"end":{"line":135,"column":609}},"135":{"start":{"line":136,"column":0},"end":{"line":136,"column":818}},"136":{"start":{"line":137,"column":0},"end":{"line":137,"column":602}},"137":{"start":{"line":138,"column":0},"end":{"line":138,"column":6}},"138":{"start":{"line":139,"column":0},"end":{"line":139,"column":30}},"139":{"start":{"line":140,"column":0},"end":{"line":140,"column":5}},"140":{"start":{"line":141,"column":0},"end":{"line":141,"column":777}},"141":{"start":{"line":142,"column":0},"end":{"line":142,"column":573}},"142":{"start":{"line":143,"column":0},"end":{"line":143,"column":889}},"143":{"start":{"line":144,"column":0},"end":{"line":144,"column":823}},"144":{"start":{"line":145,"column":0},"end":{"line":145,"column":770}},"145":{"start":{"line":146,"column":0},"end":{"line":146,"column":656}},"146":{"start":{"line":147,"column":0},"end":{"line":147,"column":6}},"147":{"start":{"line":148,"column":0},"end":{"line":148,"column":26}},"148":{"start":{"line":149,"column":0},"end":{"line":149,"column":5}},"149":{"start":{"line":150,"column":0},"end":{"line":150,"column":541}},"150":{"start":{"line":151,"column":0},"end":{"line":151,"column":785}},"151":{"start":{"line":152,"column":0},"end":{"line":152,"column":853}},"152":{"start":{"line":153,"column":0},"end":{"line":153,"column":580}},"153":{"start":{"line":154,"column":0},"end":{"line":154,"column":582}},"154":{"start":{"line":155,"column":0},"end":{"line":155,"column":762}},"155":{"start":{"line":156,"column":0},"end":{"line":156,"column":6}},"156":{"start":{"line":157,"column":0},"end":{"line":157,"column":19}},"157":{"start":{"line":158,"column":0},"end":{"line":158,"column":5}},"158":{"start":{"line":159,"column":0},"end":{"line":159,"column":624}},"159":{"start":{"line":160,"column":0},"end":{"line":160,"column":613}},"160":{"start":{"line":161,"column":0},"end":{"line":161,"column":690}},"161":{"start":{"line":162,"column":0},"end":{"line":162,"column":664}},"162":{"start":{"line":163,"column":0},"end":{"line":163,"column":618}},"163":{"start":{"line":164,"column":0},"end":{"line":164,"column":824}},"164":{"start":{"line":165,"column":0},"end":{"line":165,"column":6}},"165":{"start":{"line":166,"column":0},"end":{"line":166,"column":13}},"166":{"start":{"line":167,"column":0},"end":{"line":167,"column":5}},"167":{"start":{"line":168,"column":0},"end":{"line":168,"column":642}},"168":{"start":{"line":169,"column":0},"end":{"line":169,"column":929}},"169":{"start":{"line":170,"column":0},"end":{"line":170,"column":791}},"170":{"start":{"line":171,"column":0},"end":{"line":171,"column":613}},"171":{"start":{"line":172,"column":0},"end":{"line":172,"column":763}},"172":{"start":{"line":173,"column":0},"end":{"line":173,"column":792}},"173":{"start":{"line":174,"column":0},"end":{"line":174,"column":6}},"174":{"start":{"line":175,"column":0},"end":{"line":175,"column":17}},"175":{"start":{"line":176,"column":0},"end":{"line":176,"column":5}},"176":{"start":{"line":177,"column":0},"end":{"line":177,"column":531}},"177":{"start":{"line":178,"column":0},"end":{"line":178,"column":788}},"178":{"start":{"line":179,"column":0},"end":{"line":179,"column":959}},"179":{"start":{"line":180,"column":0},"end":{"line":180,"column":730}},"180":{"start":{"line":181,"column":0},"end":{"line":181,"column":905}},"181":{"start":{"line":182,"column":0},"end":{"line":182,"column":897}},"182":{"start":{"line":183,"column":0},"end":{"line":183,"column":6}},"183":{"start":{"line":184,"column":0},"end":{"line":184,"column":0}},"184":{"start":{"line":185,"column":0},"end":{"line":185,"column":0}},"185":{"start":{"line":186,"column":0},"end":{"line":186,"column":2}},"186":{"start":{"line":187,"column":0},"end":{"line":187,"column":0}},"187":{"start":{"line":188,"column":0},"end":{"line":188,"column":336}},"188":{"start":{"line":189,"column":0},"end":{"line":189,"column":517}},"189":{"start":{"line":190,"column":0},"end":{"line":190,"column":0}},"190":{"start":{"line":191,"column":0},"end":{"line":191,"column":186}},"191":{"start":{"line":192,"column":0},"end":{"line":192,"column":32}},"192":{"start":{"line":193,"column":0},"end":{"line":193,"column":36}},"193":{"start":{"line":194,"column":0},"end":{"line":194,"column":35}},"194":{"start":{"line":195,"column":0},"end":{"line":195,"column":32}},"195":{"start":{"line":196,"column":0},"end":{"line":196,"column":30}},"196":{"start":{"line":197,"column":0},"end":{"line":197,"column":25}},"197":{"start":{"line":198,"column":0},"end":{"line":198,"column":21}},"198":{"start":{"line":199,"column":0},"end":{"line":199,"column":30}},"199":{"start":{"line":200,"column":0},"end":{"line":200,"column":27}},"200":{"start":{"line":201,"column":0},"end":{"line":201,"column":34}},"201":{"start":{"line":202,"column":0},"end":{"line":202,"column":31}},"202":{"start":{"line":203,"column":0},"end":{"line":203,"column":19}},"203":{"start":{"line":204,"column":0},"end":{"line":204,"column":20}},"204":{"start":{"line":205,"column":0},"end":{"line":205,"column":26}},"205":{"start":{"line":206,"column":0},"end":{"line":206,"column":30}},"206":{"start":{"line":207,"column":0},"end":{"line":207,"column":30}},"207":{"start":{"line":208,"column":0},"end":{"line":208,"column":34}},"208":{"start":{"line":209,"column":0},"end":{"line":209,"column":32}},"209":{"start":{"line":210,"column":0},"end":{"line":210,"column":21}},"210":{"start":{"line":211,"column":0},"end":{"line":211,"column":34}},"211":{"start":{"line":212,"column":0},"end":{"line":212,"column":17}},"212":{"start":{"line":213,"column":0},"end":{"line":213,"column":21}},"213":{"start":{"line":214,"column":0},"end":{"line":214,"column":34}},"214":{"start":{"line":215,"column":0},"end":{"line":215,"column":26}},"215":{"start":{"line":216,"column":0},"end":{"line":216,"column":30}},"216":{"start":{"line":217,"column":0},"end":{"line":217,"column":32}},"217":{"start":{"line":218,"column":0},"end":{"line":218,"column":25}},"218":{"start":{"line":219,"column":0},"end":{"line":219,"column":32}},"219":{"start":{"line":220,"column":0},"end":{"line":220,"column":28}},"220":{"start":{"line":221,"column":0},"end":{"line":221,"column":21}},"221":{"start":{"line":222,"column":0},"end":{"line":222,"column":34}},"222":{"start":{"line":223,"column":0},"end":{"line":223,"column":42}},"223":{"start":{"line":224,"column":0},"end":{"line":224,"column":25}},"224":{"start":{"line":225,"column":0},"end":{"line":225,"column":31}},"225":{"start":{"line":226,"column":0},"end":{"line":226,"column":34}},"226":{"start":{"line":227,"column":0},"end":{"line":227,"column":21}},"227":{"start":{"line":228,"column":0},"end":{"line":228,"column":22}},"228":{"start":{"line":229,"column":0},"end":{"line":229,"column":20}},"229":{"start":{"line":230,"column":0},"end":{"line":230,"column":34}},"230":{"start":{"line":231,"column":0},"end":{"line":231,"column":28}},"231":{"start":{"line":232,"column":0},"end":{"line":232,"column":28}},"232":{"start":{"line":233,"column":0},"end":{"line":233,"column":20}},"233":{"start":{"line":234,"column":0},"end":{"line":234,"column":21}},"234":{"start":{"line":235,"column":0},"end":{"line":235,"column":25}},"235":{"start":{"line":236,"column":0},"end":{"line":236,"column":33}},"236":{"start":{"line":237,"column":0},"end":{"line":237,"column":25}},"237":{"start":{"line":238,"column":0},"end":{"line":238,"column":28}},"238":{"start":{"line":239,"column":0},"end":{"line":239,"column":24}},"239":{"start":{"line":240,"column":0},"end":{"line":240,"column":41}},"240":{"start":{"line":241,"column":0},"end":{"line":241,"column":30}},"241":{"start":{"line":242,"column":0},"end":{"line":242,"column":41}},"242":{"start":{"line":243,"column":0},"end":{"line":243,"column":39}},"243":{"start":{"line":244,"column":0},"end":{"line":244,"column":26}},"244":{"start":{"line":245,"column":0},"end":{"line":245,"column":28}},"245":{"start":{"line":246,"column":0},"end":{"line":246,"column":22}},"246":{"start":{"line":247,"column":0},"end":{"line":247,"column":22}},"247":{"start":{"line":248,"column":0},"end":{"line":248,"column":24}},"248":{"start":{"line":249,"column":0},"end":{"line":249,"column":13}},"249":{"start":{"line":250,"column":0},"end":{"line":250,"column":20}},"250":{"start":{"line":251,"column":0},"end":{"line":251,"column":29}},"251":{"start":{"line":252,"column":0},"end":{"line":252,"column":32}},"252":{"start":{"line":253,"column":0},"end":{"line":253,"column":31}},"253":{"start":{"line":254,"column":0},"end":{"line":254,"column":22}},"254":{"start":{"line":255,"column":0},"end":{"line":255,"column":34}},"255":{"start":{"line":256,"column":0},"end":{"line":256,"column":15}},"256":{"start":{"line":257,"column":0},"end":{"line":257,"column":30}},"257":{"start":{"line":258,"column":0},"end":{"line":258,"column":31}},"258":{"start":{"line":259,"column":0},"end":{"line":259,"column":33}},"259":{"start":{"line":260,"column":0},"end":{"line":260,"column":21}},"260":{"start":{"line":261,"column":0},"end":{"line":261,"column":22}},"261":{"start":{"line":262,"column":0},"end":{"line":262,"column":25}},"262":{"start":{"line":263,"column":0},"end":{"line":263,"column":20}},"263":{"start":{"line":264,"column":0},"end":{"line":264,"column":22}},"264":{"start":{"line":265,"column":0},"end":{"line":265,"column":22}},"265":{"start":{"line":266,"column":0},"end":{"line":266,"column":34}},"266":{"start":{"line":267,"column":0},"end":{"line":267,"column":28}},"267":{"start":{"line":268,"column":0},"end":{"line":268,"column":21}},"268":{"start":{"line":269,"column":0},"end":{"line":269,"column":21}},"269":{"start":{"line":270,"column":0},"end":{"line":270,"column":34}},"270":{"start":{"line":271,"column":0},"end":{"line":271,"column":35}},"271":{"start":{"line":272,"column":0},"end":{"line":272,"column":38}},"272":{"start":{"line":273,"column":0},"end":{"line":273,"column":33}},"273":{"start":{"line":274,"column":0},"end":{"line":274,"column":36}},"274":{"start":{"line":275,"column":0},"end":{"line":275,"column":35}},"275":{"start":{"line":276,"column":0},"end":{"line":276,"column":28}},"276":{"start":{"line":277,"column":0},"end":{"line":277,"column":40}},"277":{"start":{"line":278,"column":0},"end":{"line":278,"column":32}},"278":{"start":{"line":279,"column":0},"end":{"line":279,"column":31}},"279":{"start":{"line":280,"column":0},"end":{"line":280,"column":22}},"280":{"start":{"line":281,"column":0},"end":{"line":281,"column":20}},"281":{"start":{"line":282,"column":0},"end":{"line":282,"column":35}},"282":{"start":{"line":283,"column":0},"end":{"line":283,"column":35}},"283":{"start":{"line":284,"column":0},"end":{"line":284,"column":28}},"284":{"start":{"line":285,"column":0},"end":{"line":285,"column":26}},"285":{"start":{"line":286,"column":0},"end":{"line":286,"column":34}},"286":{"start":{"line":287,"column":0},"end":{"line":287,"column":27}},"287":{"start":{"line":288,"column":0},"end":{"line":288,"column":27}},"288":{"start":{"line":289,"column":0},"end":{"line":289,"column":27}},"289":{"start":{"line":290,"column":0},"end":{"line":290,"column":35}},"290":{"start":{"line":291,"column":0},"end":{"line":291,"column":35}},"291":{"start":{"line":292,"column":0},"end":{"line":292,"column":38}},"292":{"start":{"line":293,"column":0},"end":{"line":293,"column":22}},"293":{"start":{"line":294,"column":0},"end":{"line":294,"column":35}},"294":{"start":{"line":295,"column":0},"end":{"line":295,"column":32}},"295":{"start":{"line":296,"column":0},"end":{"line":296,"column":29}},"296":{"start":{"line":297,"column":0},"end":{"line":297,"column":31}},"297":{"start":{"line":298,"column":0},"end":{"line":298,"column":26}},"298":{"start":{"line":299,"column":0},"end":{"line":299,"column":27}},"299":{"start":{"line":300,"column":0},"end":{"line":300,"column":37}},"300":{"start":{"line":301,"column":0},"end":{"line":301,"column":33}},"301":{"start":{"line":302,"column":0},"end":{"line":302,"column":36}},"302":{"start":{"line":303,"column":0},"end":{"line":303,"column":37}},"303":{"start":{"line":304,"column":0},"end":{"line":304,"column":35}},"304":{"start":{"line":305,"column":0},"end":{"line":305,"column":1}},"305":{"start":{"line":306,"column":0},"end":{"line":306,"column":59}}},"s":{"0":1,"1":1,"2":1,"3":1,"4":1,"5":1,"6":1,"7":1,"8":1,"9":1,"10":1,"11":1,"12":1,"13":1,"14":1,"15":1,"16":1,"17":1,"18":1,"19":1,"20":1,"21":1,"22":1,"23":1,"24":1,"25":1,"26":1,"27":1,"28":1,"29":1,"30":1,"31":1,"32":1,"33":1,"34":1,"35":1,"36":1,"37":1,"38":1,"39":1,"40":1,"41":1,"42":1,"43":1,"44":1,"45":1,"46":1,"47":1,"48":1,"49":1,"50":1,"51":1,"52":1,"53":1,"54":1,"55":1,"56":1,"57":1,"58":1,"59":1,"60":1,"61":1,"62":1,"63":1,"64":1,"65":1,"66":1,"67":1,"68":1,"69":1,"70":1,"71":1,"72":1,"73":1,"74":1,"75":1,"76":1,"77":1,"78":1,"79":1,"80":1,"81":1,"82":1,"83":1,"84":1,"85":1,"86":1,"87":1,"88":1,"89":1,"90":1,"91":1,"92":1,"93":1,"94":1,"95":1,"96":1,"97":1,"98":1,"99":1,"100":1,"101":1,"102":1,"103":1,"104":1,"105":1,"106":1,"107":1,"108":1,"109":1,"110":1,"111":1,"112":1,"113":1,"114":1,"115":1,"116":1,"117":1,"118":1,"119":1,"120":1,"121":1,"122":1,"123":1,"124":1,"125":1,"126":1,"127":1,"128":1,"129":1,"130":1,"131":1,"132":1,"133":1,"134":1,"135":1,"136":1,"137":1,"138":1,"139":1,"140":1,"141":1,"142":1,"143":1,"144":1,"145":1,"146":1,"147":1,"148":1,"149":1,"150":1,"151":1,"152":1,"153":1,"154":1,"155":1,"156":1,"157":1,"158":1,"159":1,"160":1,"161":1,"162":1,"163":1,"164":1,"165":1,"166":1,"167":1,"168":1,"169":1,"170":1,"171":1,"172":1,"173":1,"174":1,"175":1,"176":1,"177":1,"178":1,"179":1,"180":1,"181":1,"182":1,"183":1,"184":1,"185":1,"186":1,"187":1,"188":1,"189":1,"190":1,"191":1,"192":1,"193":1,"194":1,"195":1,"196":1,"197":1,"198":1,"199":1,"200":1,"201":1,"202":1,"203":1,"204":1,"205":1,"206":1,"207":1,"208":1,"209":1,"210":1,"211":1,"212":1,"213":1,"214":1,"215":1,"216":1,"217":1,"218":1,"219":1,"220":1,"221":1,"222":1,"223":1,"224":1,"225":1,"226":1,"227":1,"228":1,"229":1,"230":1,"231":1,"232":1,"233":1,"234":1,"235":1,"236":1,"237":1,"238":1,"239":1,"240":1,"241":1,"242":1,"243":1,"244":1,"245":1,"246":1,"247":1,"248":1,"249":1,"250":1,"251":1,"252":1,"253":1,"254":1,"255":1,"256":1,"257":1,"258":1,"259":1,"260":1,"261":1,"262":1,"263":1,"264":1,"265":1,"266":1,"267":1,"268":1,"269":1,"270":1,"271":1,"272":1,"273":1,"274":1,"275":1,"276":1,"277":1,"278":1,"279":1,"280":1,"281":1,"282":1,"283":1,"284":1,"285":1,"286":1,"287":1,"288":1,"289":1,"290":1,"291":1,"292":1,"293":1,"294":1,"295":1,"296":1,"297":1,"298":1,"299":1,"300":1,"301":1,"302":1,"303":1,"304":1,"305":1},"branchMap":{},"b":{},"fnMap":{"0":{"name":"get","decl":{"start":{"line":306,"column":48},"end":{"line":306,"column":59}},"loc":{"start":{"line":306,"column":48},"end":{"line":306,"column":59}},"line":306}},"f":{"0":0}}
,"/Users/mahnach04icloud.com/Desktop/components/ComponentsReact/components/src/components/cardList.tsx": {"path":"/Users/mahnach04icloud.com/Desktop/components/ComponentsReact/components/src/components/cardList.tsx","all":false,"statementMap":{"0":{"start":{"line":1,"column":0},"end":{"line":1,"column":26}},"1":{"start":{"line":2,"column":0},"end":{"line":2,"column":47}},"2":{"start":{"line":3,"column":0},"end":{"line":3,"column":42}},"3":{"start":{"line":4,"column":0},"end":{"line":4,"column":0}},"4":{"start":{"line":5,"column":0},"end":{"line":5,"column":31}},"5":{"start":{"line":6,"column":0},"end":{"line":6,"column":12}},"6":{"start":{"line":7,"column":0},"end":{"line":7,"column":36}},"7":{"start":{"line":8,"column":0},"end":{"line":8,"column":39}},"8":{"start":{"line":9,"column":0},"end":{"line":9,"column":44}},"9":{"start":{"line":10,"column":0},"end":{"line":10,"column":15}},"10":{"start":{"line":11,"column":0},"end":{"line":11,"column":14}},"11":{"start":{"line":12,"column":0},"end":{"line":12,"column":6}},"12":{"start":{"line":13,"column":0},"end":{"line":13,"column":2}}},"s":{"0":1,"1":1,"2":1,"3":1,"4":1,"5":4,"6":4,"7":4,"8":480,"9":4,"10":4,"11":4,"12":3},"branchMap":{"0":{"type":"branch","line":5,"loc":{"start":{"line":5,"column":24},"end":{"line":13,"column":2}},"locations":[{"start":{"line":5,"column":24},"end":{"line":13,"column":2}}]},"1":{"type":"branch","line":8,"loc":{"start":{"line":8,"column":30},"end":{"line":9,"column":44}},"locations":[{"start":{"line":8,"column":30},"end":{"line":9,"column":44}}]},"2":{"type":"branch","line":13,"loc":{"start":{"line":13,"column":0},"end":{"line":13,"column":2}},"locations":[{"start":{"line":13,"column":0},"end":{"line":13,"column":2}}]}},"b":{"0":[4],"1":[480],"2":[3]},"fnMap":{"0":{"name":"CardList","decl":{"start":{"line":5,"column":24},"end":{"line":13,"column":2}},"loc":{"start":{"line":5,"column":24},"end":{"line":13,"column":2}},"line":5},"1":{"name":"get","decl":{"start":{"line":13,"column":0},"end":{"line":13,"column":2}},"loc":{"start":{"line":13,"column":0},"end":{"line":13,"column":2}},"line":13}},"f":{"0":4,"1":3}}
,"/Users/mahnach04icloud.com/Desktop/components/ComponentsReact/components/src/components/UI element/card/Card.tsx": {"path":"/Users/mahnach04icloud.com/Desktop/components/ComponentsReact/components/src/components/UI element/card/Card.tsx","all":false,"statementMap":{"0":{"start":{"line":1,"column":0},"end":{"line":1,"column":26}},"1":{"start":{"line":2,"column":0},"end":{"line":2,"column":39}},"2":{"start":{"line":3,"column":0},"end":{"line":3,"column":48}},"3":{"start":{"line":4,"column":0},"end":{"line":4,"column":0}},"4":{"start":{"line":5,"column":0},"end":{"line":5,"column":64}},"5":{"start":{"line":6,"column":0},"end":{"line":6,"column":14}},"6":{"start":{"line":7,"column":0},"end":{"line":7,"column":41}},"7":{"start":{"line":8,"column":0},"end":{"line":8,"column":16}},"8":{"start":{"line":9,"column":0},"end":{"line":9,"column":67}},"9":{"start":{"line":10,"column":0},"end":{"line":10,"column":53}},"10":{"start":{"line":11,"column":0},"end":{"line":11,"column":92}},"11":{"start":{"line":12,"column":0},"end":{"line":12,"column":22}},"12":{"start":{"line":13,"column":0},"end":{"line":13,"column":51}},"13":{"start":{"line":14,"column":0},"end":{"line":14,"column":86}},"14":{"start":{"line":15,"column":0},"end":{"line":15,"column":79}},"15":{"start":{"line":16,"column":0},"end":{"line":16,"column":80}},"16":{"start":{"line":17,"column":0},"end":{"line":17,"column":80}},"17":{"start":{"line":18,"column":0},"end":{"line":18,"column":22}},"18":{"start":{"line":19,"column":0},"end":{"line":19,"column":18}},"19":{"start":{"line":20,"column":0},"end":{"line":20,"column":9}},"20":{"start":{"line":21,"column":0},"end":{"line":21,"column":5}},"21":{"start":{"line":22,"column":0},"end":{"line":22,"column":0}},"22":{"start":{"line":23,"column":0},"end":{"line":23,"column":1}},"23":{"start":{"line":24,"column":0},"end":{"line":24,"column":20}}},"s":{"0":1,"1":1,"2":1,"3":1,"4":1,"5":1,"6":361,"7":361,"8":361,"9":361,"10":361,"11":361,"12":361,"13":361,"14":361,"15":361,"16":361,"17":361,"18":361,"19":361,"20":361,"21":1,"22":1,"23":1},"branchMap":{"0":{"type":"branch","line":6,"loc":{"start":{"line":6,"column":4},"end":{"line":21,"column":5}},"locations":[{"start":{"line":6,"column":4},"end":{"line":21,"column":5}}]}},"b":{"0":[361]},"fnMap":{"0":{"name":"render","decl":{"start":{"line":6,"column":4},"end":{"line":21,"column":5}},"loc":{"start":{"line":6,"column":4},"end":{"line":21,"column":5}},"line":6}},"f":{"0":361}}
,"/Users/mahnach04icloud.com/Desktop/components/ComponentsReact/components/src/components/UI element/input/MySearch.tsx": {"path":"/Users/mahnach04icloud.com/Desktop/components/ComponentsReact/components/src/components/UI element/input/MySearch.tsx","all":false,"statementMap":{"0":{"start":{"line":1,"column":0},"end":{"line":1,"column":43}},"1":{"start":{"line":2,"column":0},"end":{"line":2,"column":42}},"2":{"start":{"line":3,"column":0},"end":{"line":3,"column":42}},"3":{"start":{"line":4,"column":0},"end":{"line":4,"column":0}},"4":{"start":{"line":5,"column":0},"end":{"line":5,"column":62}},"5":{"start":{"line":6,"column":0},"end":{"line":6,"column":38}},"6":{"start":{"line":7,"column":0},"end":{"line":7,"column":21}},"7":{"start":{"line":8,"column":0},"end":{"line":8,"column":5}},"8":{"start":{"line":9,"column":0},"end":{"line":9,"column":0}},"9":{"start":{"line":10,"column":0},"end":{"line":10,"column":34}},"10":{"start":{"line":11,"column":0},"end":{"line":11,"column":57}},"11":{"start":{"line":12,"column":0},"end":{"line":12,"column":52}},"12":{"start":{"line":13,"column":0},"end":{"line":13,"column":5}},"13":{"start":{"line":14,"column":0},"end":{"line":14,"column":28}},"14":{"start":{"line":15,"column":0},"end":{"line":15,"column":32}},"15":{"start":{"line":16,"column":0},"end":{"line":16,"column":0}},"16":{"start":{"line":17,"column":0},"end":{"line":17,"column":39}},"17":{"start":{"line":18,"column":0},"end":{"line":18,"column":62}},"18":{"start":{"line":19,"column":0},"end":{"line":19,"column":5}},"19":{"start":{"line":20,"column":0},"end":{"line":20,"column":0}},"20":{"start":{"line":21,"column":0},"end":{"line":21,"column":25}},"21":{"start":{"line":22,"column":0},"end":{"line":22,"column":58}},"22":{"start":{"line":23,"column":0},"end":{"line":23,"column":0}},"23":{"start":{"line":24,"column":0},"end":{"line":24,"column":27}},"24":{"start":{"line":25,"column":0},"end":{"line":25,"column":0}},"25":{"start":{"line":26,"column":0},"end":{"line":26,"column":51}},"26":{"start":{"line":27,"column":0},"end":{"line":27,"column":5}},"27":{"start":{"line":28,"column":0},"end":{"line":28,"column":0}},"28":{"start":{"line":29,"column":0},"end":{"line":29,"column":14}},"29":{"start":{"line":30,"column":0},"end":{"line":30,"column":16}},"30":{"start":{"line":31,"column":0},"end":{"line":31,"column":36}},"31":{"start":{"line":32,"column":0},"end":{"line":32,"column":22}},"32":{"start":{"line":33,"column":0},"end":{"line":33,"column":46}},"33":{"start":{"line":34,"column":0},"end":{"line":34,"column":35}},"34":{"start":{"line":35,"column":0},"end":{"line":35,"column":38}},"35":{"start":{"line":36,"column":0},"end":{"line":36,"column":45}},"36":{"start":{"line":37,"column":0},"end":{"line":37,"column":22}},"37":{"start":{"line":38,"column":0},"end":{"line":38,"column":62}},"38":{"start":{"line":39,"column":0},"end":{"line":39,"column":18}},"39":{"start":{"line":40,"column":0},"end":{"line":40,"column":18}},"40":{"start":{"line":41,"column":0},"end":{"line":41,"column":10}},"41":{"start":{"line":42,"column":0},"end":{"line":42,"column":5}},"42":{"start":{"line":43,"column":0},"end":{"line":43,"column":1}},"43":{"start":{"line":44,"column":0},"end":{"line":44,"column":0}},"44":{"start":{"line":45,"column":0},"end":{"line":45,"column":24}}},"s":{"0":1,"1":1,"2":1,"3":1,"4":1,"5":1,"6":6,"7":6,"8":1,"9":1,"10":9,"11":9,"12":9,"13":1,"14":5,"15":3,"16":3,"17":3,"18":5,"19":1,"20":1,"21":5,"22":5,"23":5,"24":2,"25":2,"26":5,"27":1,"28":1,"29":16,"30":16,"31":16,"32":16,"33":16,"34":16,"35":9,"36":9,"37":16,"38":16,"39":16,"40":16,"41":16,"42":1,"43":1,"44":1},"branchMap":{"0":{"type":"branch","line":6,"loc":{"start":{"line":6,"column":4},"end":{"line":8,"column":5}},"locations":[{"start":{"line":6,"column":4},"end":{"line":8,"column":5}}]},"1":{"type":"branch","line":10,"loc":{"start":{"line":10,"column":4},"end":{"line":13,"column":5}},"locations":[{"start":{"line":10,"column":4},"end":{"line":13,"column":5}}]},"2":{"type":"branch","line":14,"loc":{"start":{"line":14,"column":4},"end":{"line":19,"column":5}},"locations":[{"start":{"line":14,"column":4},"end":{"line":19,"column":5}}]},"3":{"type":"branch","line":15,"loc":{"start":{"line":15,"column":25},"end":{"line":15,"column":32}},"locations":[{"start":{"line":15,"column":25},"end":{"line":15,"column":32}}]},"4":{"type":"branch","line":15,"loc":{"start":{"line":15,"column":25},"end":{"line":18,"column":62}},"locations":[{"start":{"line":15,"column":25},"end":{"line":18,"column":62}}]},"5":{"type":"branch","line":21,"loc":{"start":{"line":21,"column":4},"end":{"line":27,"column":5}},"locations":[{"start":{"line":21,"column":4},"end":{"line":27,"column":5}}]},"6":{"type":"branch","line":24,"loc":{"start":{"line":24,"column":20},"end":{"line":26,"column":51}},"locations":[{"start":{"line":24,"column":20},"end":{"line":26,"column":51}}]},"7":{"type":"branch","line":24,"loc":{"start":{"line":24,"column":20},"end":{"line":26,"column":51}},"locations":[{"start":{"line":24,"column":20},"end":{"line":26,"column":51}}]},"8":{"type":"branch","line":29,"loc":{"start":{"line":29,"column":4},"end":{"line":42,"column":5}},"locations":[{"start":{"line":29,"column":4},"end":{"line":42,"column":5}}]},"9":{"type":"branch","line":38,"loc":{"start":{"line":38,"column":32},"end":{"line":38,"column":59}},"locations":[{"start":{"line":38,"column":32},"end":{"line":38,"column":59}}]},"10":{"type":"branch","line":38,"loc":{"start":{"line":38,"column":51},"end":{"line":38,"column":62}},"locations":[{"start":{"line":38,"column":51},"end":{"line":38,"column":62}}]},"11":{"type":"branch","line":35,"loc":{"start":{"line":35,"column":30},"end":{"line":37,"column":22}},"locations":[{"start":{"line":35,"column":30},"end":{"line":37,"column":22}}]}},"b":{"0":[6],"1":[9],"2":[5],"3":[2],"4":[3],"5":[5],"6":[3],"7":[2],"8":[16],"9":[11],"10":[5],"11":[9]},"fnMap":{"0":{"name":"MySearch","decl":{"start":{"line":6,"column":4},"end":{"line":8,"column":5}},"loc":{"start":{"line":6,"column":4},"end":{"line":8,"column":5}},"line":6},"1":{"name":"handleChange","decl":{"start":{"line":10,"column":4},"end":{"line":13,"column":5}},"loc":{"start":{"line":10,"column":4},"end":{"line":13,"column":5}},"line":10},"2":{"name":"componentWillUnmount","decl":{"start":{"line":14,"column":4},"end":{"line":19,"column":5}},"loc":{"start":{"line":14,"column":4},"end":{"line":19,"column":5}},"line":14},"3":{"name":"componentDidMount","decl":{"start":{"line":21,"column":4},"end":{"line":27,"column":5}},"loc":{"start":{"line":21,"column":4},"end":{"line":27,"column":5}},"line":21},"4":{"name":"render","decl":{"start":{"line":29,"column":4},"end":{"line":42,"column":5}},"loc":{"start":{"line":29,"column":4},"end":{"line":42,"column":5}},"line":29},"5":{"name":"onChange","decl":{"start":{"line":35,"column":30},"end":{"line":37,"column":22}},"loc":{"start":{"line":35,"column":30},"end":{"line":37,"column":22}},"line":35}},"f":{"0":6,"1":9,"2":5,"3":5,"4":16,"5":9}}
}
